[2025-06-18T07:47:01.169+0530] {local_task_job_runner.py:120} INFO - ::group::Pre task execution logs
[2025-06-18T07:47:01.204+0530] {taskinstance.py:2073} INFO - Dependencies all met for dep_context=non-requeueable deps ti=<TaskInstance: hello_world.hello_world_task manual__2025-06-18T02:16:56.883710+00:00 [queued]>
[2025-06-18T07:47:01.220+0530] {taskinstance.py:2073} INFO - Dependencies all met for dep_context=requeueable deps ti=<TaskInstance: hello_world.hello_world_task manual__2025-06-18T02:16:56.883710+00:00 [queued]>
[2025-06-18T07:47:01.221+0530] {taskinstance.py:2303} INFO - Starting attempt 1 of 1
[2025-06-18T07:47:01.265+0530] {taskinstance.py:2327} INFO - Executing <Task(BashOperator): hello_world_task> on 2025-06-18 02:16:56.883710+00:00
[2025-06-18T07:47:01.271+0530] {standard_task_runner.py:63} INFO - Started process 1810 to run task
[2025-06-18T07:47:01.276+0530] {standard_task_runner.py:90} INFO - Running: ['airflow', 'tasks', 'run', 'hello_world', 'hello_world_task', 'manual__2025-06-18T02:16:56.883710+00:00', '--job-id', '14', '--raw', '--subdir', 'DAGS_FOLDER/hello_world.py', '--cfg-path', '/tmp/tmpseuyo0y3']
[2025-06-18T07:47:01.278+0530] {standard_task_runner.py:91} INFO - Job 14: Subtask hello_world_task
[2025-06-18T07:47:01.400+0530] {task_command.py:426} INFO - Running <TaskInstance: hello_world.hello_world_task manual__2025-06-18T02:16:56.883710+00:00 [running]> on host LAPTOP-IPDFG60J.
[2025-06-18T07:47:01.586+0530] {taskinstance.py:2644} INFO - Exporting env vars: AIRFLOW_CTX_DAG_OWNER='pratima' AIRFLOW_CTX_DAG_ID='hello_world' AIRFLOW_CTX_TASK_ID='hello_world_task' AIRFLOW_CTX_EXECUTION_DATE='2025-06-18T02:16:56.883710+00:00' AIRFLOW_CTX_TRY_NUMBER='1' AIRFLOW_CTX_DAG_RUN_ID='manual__2025-06-18T02:16:56.883710+00:00'
[2025-06-18T07:47:01.587+0530] {taskinstance.py:430} INFO - ::endgroup::
[2025-06-18T07:47:01.603+0530] {subprocess.py:63} INFO - Tmp dir root location: /tmp
[2025-06-18T07:47:01.606+0530] {subprocess.py:75} INFO - Running command: ['/usr/bin/bash', '-c', 'echo Hello, World!!!']
[2025-06-18T07:47:01.617+0530] {subprocess.py:86} INFO - Output:
[2025-06-18T07:47:01.619+0530] {subprocess.py:93} INFO - Hello, World!!!
[2025-06-18T07:47:01.620+0530] {subprocess.py:97} INFO - Command exited with return code 0
[2025-06-18T07:47:01.621+0530] {taskinstance.py:441} INFO - ::group::Post task execution logs
[2025-06-18T07:47:01.699+0530] {taskinstance.py:1205} INFO - Marking task as SUCCESS. dag_id=hello_world, task_id=hello_world_task, execution_date=20250618T021656, start_date=20250618T021701, end_date=20250618T021701
[2025-06-18T07:47:01.772+0530] {local_task_job_runner.py:240} INFO - Task exited with return code 0
[2025-06-18T07:47:01.800+0530] {taskinstance.py:3482} INFO - 0 downstream tasks scheduled from follow-on schedule check
[2025-06-18T07:47:01.804+0530] {local_task_job_runner.py:222} INFO - ::endgroup::
