[2025-06-18T07:46:42.053+0530] {local_task_job_runner.py:120} INFO - ::group::Pre task execution logs
[2025-06-18T07:46:42.088+0530] {taskinstance.py:2073} INFO - Dependencies all met for dep_context=non-requeueable deps ti=<TaskInstance: hello_world.hello_world_task manual__2025-06-18T02:16:36.898271+00:00 [queued]>
[2025-06-18T07:46:42.108+0530] {taskinstance.py:2073} INFO - Dependencies all met for dep_context=requeueable deps ti=<TaskInstance: hello_world.hello_world_task manual__2025-06-18T02:16:36.898271+00:00 [queued]>
[2025-06-18T07:46:42.108+0530] {taskinstance.py:2303} INFO - Starting attempt 1 of 1
[2025-06-18T07:46:42.161+0530] {taskinstance.py:2327} INFO - Executing <Task(BashOperator): hello_world_task> on 2025-06-18 02:16:36.898271+00:00
[2025-06-18T07:46:42.172+0530] {standard_task_runner.py:63} INFO - Started process 1801 to run task
[2025-06-18T07:46:42.177+0530] {standard_task_runner.py:90} INFO - Running: ['airflow', 'tasks', 'run', 'hello_world', 'hello_world_task', 'manual__2025-06-18T02:16:36.898271+00:00', '--job-id', '13', '--raw', '--subdir', 'DAGS_FOLDER/hello_world.py', '--cfg-path', '/tmp/tmpo0gud3mw']
[2025-06-18T07:46:42.180+0530] {standard_task_runner.py:91} INFO - Job 13: Subtask hello_world_task
[2025-06-18T07:46:42.305+0530] {task_command.py:426} INFO - Running <TaskInstance: hello_world.hello_world_task manual__2025-06-18T02:16:36.898271+00:00 [running]> on host LAPTOP-IPDFG60J.
[2025-06-18T07:46:42.486+0530] {taskinstance.py:2644} INFO - Exporting env vars: AIRFLOW_CTX_DAG_OWNER='pratima' AIRFLOW_CTX_DAG_ID='hello_world' AIRFLOW_CTX_TASK_ID='hello_world_task' AIRFLOW_CTX_EXECUTION_DATE='2025-06-18T02:16:36.898271+00:00' AIRFLOW_CTX_TRY_NUMBER='1' AIRFLOW_CTX_DAG_RUN_ID='manual__2025-06-18T02:16:36.898271+00:00'
[2025-06-18T07:46:42.487+0530] {taskinstance.py:430} INFO - ::endgroup::
[2025-06-18T07:46:42.503+0530] {subprocess.py:63} INFO - Tmp dir root location: /tmp
[2025-06-18T07:46:42.506+0530] {subprocess.py:75} INFO - Running command: ['/usr/bin/bash', '-c', 'echo Hello, World!!!']
[2025-06-18T07:46:42.524+0530] {subprocess.py:86} INFO - Output:
[2025-06-18T07:46:42.526+0530] {subprocess.py:93} INFO - Hello, World!!!
[2025-06-18T07:46:42.527+0530] {subprocess.py:97} INFO - Command exited with return code 0
[2025-06-18T07:46:42.528+0530] {taskinstance.py:441} INFO - ::group::Post task execution logs
[2025-06-18T07:46:42.591+0530] {taskinstance.py:1205} INFO - Marking task as SUCCESS. dag_id=hello_world, task_id=hello_world_task, execution_date=20250618T021636, start_date=20250618T021642, end_date=20250618T021642
[2025-06-18T07:46:42.673+0530] {local_task_job_runner.py:240} INFO - Task exited with return code 0
[2025-06-18T07:46:42.702+0530] {taskinstance.py:3482} INFO - 0 downstream tasks scheduled from follow-on schedule check
[2025-06-18T07:46:42.705+0530] {local_task_job_runner.py:222} INFO - ::endgroup::
