[2025-06-18T09:03:15.521+0530] {processor.py:161} INFO - Started process (PID=2264) to work on /mnt/c/Users/HP/Documents/airflow/dags/execute_multiple_tasks_upstream_downstream.py
[2025-06-18T09:03:15.523+0530] {processor.py:830} INFO - Processing file /mnt/c/Users/HP/Documents/airflow/dags/execute_multiple_tasks_upstream_downstream.py for tasks to queue
[2025-06-18T09:03:15.525+0530] {logging_mixin.py:188} INFO - [2025-06-18T09:03:15.525+0530] {dagbag.py:540} INFO - Filling up the DagBag from /mnt/c/Users/HP/Documents/airflow/dags/execute_multiple_tasks_upstream_downstream.py
[2025-06-18T09:03:15.576+0530] {logging_mixin.py:188} INFO - [2025-06-18T09:03:15.565+0530] {dagbag.py:350} ERROR - Failed to import: /mnt/c/Users/HP/Documents/airflow/dags/execute_multiple_tasks_upstream_downstream.py
Traceback (most recent call last):
  File "/home/pratima/airflow_env/lib/python3.8/site-packages/airflow/models/dagbag.py", line 346, in parse
    loader.exec_module(new_module)
  File "<frozen importlib._bootstrap_external>", line 848, in exec_module
  File "<frozen importlib._bootstrap>", line 219, in _call_with_frames_removed
  File "/mnt/c/Users/HP/Documents/airflow/dags/execute_multiple_tasks_upstream_downstream.py", line 36, in <module>
    taskA.set_downstream(taskB,taskC)  # Task A runs before Task B
  File "/home/pratima/airflow_env/lib/python3.8/site-packages/airflow/models/taskmixin.py", line 262, in set_downstream
    self._set_relatives(task_or_task_list, upstream=False, edge_modifier=edge_modifier)
  File "/home/pratima/airflow_env/lib/python3.8/site-packages/airflow/models/taskmixin.py", line 254, in _set_relatives
    edge_modifier.add_edge_info(self.dag, self.node_id, task.node_id)
AttributeError: 'BashOperator' object has no attribute 'add_edge_info'
[2025-06-18T09:03:15.577+0530] {processor.py:842} WARNING - No viable dags retrieved from /mnt/c/Users/HP/Documents/airflow/dags/execute_multiple_tasks_upstream_downstream.py
[2025-06-18T09:03:15.628+0530] {processor.py:183} INFO - Processing /mnt/c/Users/HP/Documents/airflow/dags/execute_multiple_tasks_upstream_downstream.py took 0.114 seconds
[2025-06-18T09:03:46.389+0530] {processor.py:161} INFO - Started process (PID=2267) to work on /mnt/c/Users/HP/Documents/airflow/dags/execute_multiple_tasks_upstream_downstream.py
[2025-06-18T09:03:46.391+0530] {processor.py:830} INFO - Processing file /mnt/c/Users/HP/Documents/airflow/dags/execute_multiple_tasks_upstream_downstream.py for tasks to queue
[2025-06-18T09:03:46.393+0530] {logging_mixin.py:188} INFO - [2025-06-18T09:03:46.393+0530] {dagbag.py:540} INFO - Filling up the DagBag from /mnt/c/Users/HP/Documents/airflow/dags/execute_multiple_tasks_upstream_downstream.py
[2025-06-18T09:03:46.431+0530] {logging_mixin.py:188} INFO - [2025-06-18T09:03:46.424+0530] {dagbag.py:350} ERROR - Failed to import: /mnt/c/Users/HP/Documents/airflow/dags/execute_multiple_tasks_upstream_downstream.py
Traceback (most recent call last):
  File "/home/pratima/airflow_env/lib/python3.8/site-packages/airflow/models/dagbag.py", line 346, in parse
    loader.exec_module(new_module)
  File "<frozen importlib._bootstrap_external>", line 848, in exec_module
  File "<frozen importlib._bootstrap>", line 219, in _call_with_frames_removed
  File "/mnt/c/Users/HP/Documents/airflow/dags/execute_multiple_tasks_upstream_downstream.py", line 36, in <module>
    taskA.set_downstream(taskB,taskC)  # Task A runs before Task B
  File "/home/pratima/airflow_env/lib/python3.8/site-packages/airflow/models/taskmixin.py", line 262, in set_downstream
    self._set_relatives(task_or_task_list, upstream=False, edge_modifier=edge_modifier)
  File "/home/pratima/airflow_env/lib/python3.8/site-packages/airflow/models/taskmixin.py", line 254, in _set_relatives
    edge_modifier.add_edge_info(self.dag, self.node_id, task.node_id)
AttributeError: 'BashOperator' object has no attribute 'add_edge_info'
[2025-06-18T09:03:46.432+0530] {processor.py:842} WARNING - No viable dags retrieved from /mnt/c/Users/HP/Documents/airflow/dags/execute_multiple_tasks_upstream_downstream.py
[2025-06-18T09:03:46.488+0530] {processor.py:183} INFO - Processing /mnt/c/Users/HP/Documents/airflow/dags/execute_multiple_tasks_upstream_downstream.py took 0.106 seconds
[2025-06-18T09:04:16.904+0530] {processor.py:161} INFO - Started process (PID=2279) to work on /mnt/c/Users/HP/Documents/airflow/dags/execute_multiple_tasks_upstream_downstream.py
[2025-06-18T09:04:16.905+0530] {processor.py:830} INFO - Processing file /mnt/c/Users/HP/Documents/airflow/dags/execute_multiple_tasks_upstream_downstream.py for tasks to queue
[2025-06-18T09:04:16.907+0530] {logging_mixin.py:188} INFO - [2025-06-18T09:04:16.907+0530] {dagbag.py:540} INFO - Filling up the DagBag from /mnt/c/Users/HP/Documents/airflow/dags/execute_multiple_tasks_upstream_downstream.py
[2025-06-18T09:04:16.939+0530] {logging_mixin.py:188} INFO - [2025-06-18T09:04:16.933+0530] {dagbag.py:350} ERROR - Failed to import: /mnt/c/Users/HP/Documents/airflow/dags/execute_multiple_tasks_upstream_downstream.py
Traceback (most recent call last):
  File "/home/pratima/airflow_env/lib/python3.8/site-packages/airflow/models/dagbag.py", line 346, in parse
    loader.exec_module(new_module)
  File "<frozen importlib._bootstrap_external>", line 848, in exec_module
  File "<frozen importlib._bootstrap>", line 219, in _call_with_frames_removed
  File "/mnt/c/Users/HP/Documents/airflow/dags/execute_multiple_tasks_upstream_downstream.py", line 36, in <module>
    taskA.set_downstream(taskB,taskC)  # Task A runs before Task B
  File "/home/pratima/airflow_env/lib/python3.8/site-packages/airflow/models/taskmixin.py", line 262, in set_downstream
    self._set_relatives(task_or_task_list, upstream=False, edge_modifier=edge_modifier)
  File "/home/pratima/airflow_env/lib/python3.8/site-packages/airflow/models/taskmixin.py", line 254, in _set_relatives
    edge_modifier.add_edge_info(self.dag, self.node_id, task.node_id)
AttributeError: 'BashOperator' object has no attribute 'add_edge_info'
[2025-06-18T09:04:16.940+0530] {processor.py:842} WARNING - No viable dags retrieved from /mnt/c/Users/HP/Documents/airflow/dags/execute_multiple_tasks_upstream_downstream.py
[2025-06-18T09:04:16.988+0530] {processor.py:183} INFO - Processing /mnt/c/Users/HP/Documents/airflow/dags/execute_multiple_tasks_upstream_downstream.py took 0.093 seconds
[2025-06-18T09:04:47.316+0530] {processor.py:161} INFO - Started process (PID=2282) to work on /mnt/c/Users/HP/Documents/airflow/dags/execute_multiple_tasks_upstream_downstream.py
[2025-06-18T09:04:47.318+0530] {processor.py:830} INFO - Processing file /mnt/c/Users/HP/Documents/airflow/dags/execute_multiple_tasks_upstream_downstream.py for tasks to queue
[2025-06-18T09:04:47.320+0530] {logging_mixin.py:188} INFO - [2025-06-18T09:04:47.320+0530] {dagbag.py:540} INFO - Filling up the DagBag from /mnt/c/Users/HP/Documents/airflow/dags/execute_multiple_tasks_upstream_downstream.py
[2025-06-18T09:04:47.354+0530] {logging_mixin.py:188} INFO - [2025-06-18T09:04:47.348+0530] {dagbag.py:350} ERROR - Failed to import: /mnt/c/Users/HP/Documents/airflow/dags/execute_multiple_tasks_upstream_downstream.py
Traceback (most recent call last):
  File "/home/pratima/airflow_env/lib/python3.8/site-packages/airflow/models/dagbag.py", line 346, in parse
    loader.exec_module(new_module)
  File "<frozen importlib._bootstrap_external>", line 848, in exec_module
  File "<frozen importlib._bootstrap>", line 219, in _call_with_frames_removed
  File "/mnt/c/Users/HP/Documents/airflow/dags/execute_multiple_tasks_upstream_downstream.py", line 36, in <module>
    taskA.set_downstream(taskB,taskC)  # Task A runs before Task B
  File "/home/pratima/airflow_env/lib/python3.8/site-packages/airflow/models/taskmixin.py", line 262, in set_downstream
    self._set_relatives(task_or_task_list, upstream=False, edge_modifier=edge_modifier)
  File "/home/pratima/airflow_env/lib/python3.8/site-packages/airflow/models/taskmixin.py", line 254, in _set_relatives
    edge_modifier.add_edge_info(self.dag, self.node_id, task.node_id)
AttributeError: 'BashOperator' object has no attribute 'add_edge_info'
[2025-06-18T09:04:47.354+0530] {processor.py:842} WARNING - No viable dags retrieved from /mnt/c/Users/HP/Documents/airflow/dags/execute_multiple_tasks_upstream_downstream.py
[2025-06-18T09:04:47.410+0530] {processor.py:183} INFO - Processing /mnt/c/Users/HP/Documents/airflow/dags/execute_multiple_tasks_upstream_downstream.py took 0.101 seconds
[2025-06-18T09:05:18.216+0530] {processor.py:161} INFO - Started process (PID=2285) to work on /mnt/c/Users/HP/Documents/airflow/dags/execute_multiple_tasks_upstream_downstream.py
[2025-06-18T09:05:18.218+0530] {processor.py:830} INFO - Processing file /mnt/c/Users/HP/Documents/airflow/dags/execute_multiple_tasks_upstream_downstream.py for tasks to queue
[2025-06-18T09:05:18.221+0530] {logging_mixin.py:188} INFO - [2025-06-18T09:05:18.220+0530] {dagbag.py:540} INFO - Filling up the DagBag from /mnt/c/Users/HP/Documents/airflow/dags/execute_multiple_tasks_upstream_downstream.py
[2025-06-18T09:05:18.265+0530] {logging_mixin.py:188} INFO - [2025-06-18T09:05:18.255+0530] {dagbag.py:350} ERROR - Failed to import: /mnt/c/Users/HP/Documents/airflow/dags/execute_multiple_tasks_upstream_downstream.py
Traceback (most recent call last):
  File "/home/pratima/airflow_env/lib/python3.8/site-packages/airflow/models/dagbag.py", line 346, in parse
    loader.exec_module(new_module)
  File "<frozen importlib._bootstrap_external>", line 848, in exec_module
  File "<frozen importlib._bootstrap>", line 219, in _call_with_frames_removed
  File "/mnt/c/Users/HP/Documents/airflow/dags/execute_multiple_tasks_upstream_downstream.py", line 36, in <module>
    taskA.set_downstream(taskB,taskC)  # Task A runs before Task B
  File "/home/pratima/airflow_env/lib/python3.8/site-packages/airflow/models/taskmixin.py", line 262, in set_downstream
    self._set_relatives(task_or_task_list, upstream=False, edge_modifier=edge_modifier)
  File "/home/pratima/airflow_env/lib/python3.8/site-packages/airflow/models/taskmixin.py", line 254, in _set_relatives
    edge_modifier.add_edge_info(self.dag, self.node_id, task.node_id)
AttributeError: 'BashOperator' object has no attribute 'add_edge_info'
[2025-06-18T09:05:18.266+0530] {processor.py:842} WARNING - No viable dags retrieved from /mnt/c/Users/HP/Documents/airflow/dags/execute_multiple_tasks_upstream_downstream.py
[2025-06-18T09:05:18.336+0530] {processor.py:183} INFO - Processing /mnt/c/Users/HP/Documents/airflow/dags/execute_multiple_tasks_upstream_downstream.py took 0.129 seconds
[2025-06-18T09:05:48.561+0530] {processor.py:161} INFO - Started process (PID=2288) to work on /mnt/c/Users/HP/Documents/airflow/dags/execute_multiple_tasks_upstream_downstream.py
[2025-06-18T09:05:48.563+0530] {processor.py:830} INFO - Processing file /mnt/c/Users/HP/Documents/airflow/dags/execute_multiple_tasks_upstream_downstream.py for tasks to queue
[2025-06-18T09:05:48.567+0530] {logging_mixin.py:188} INFO - [2025-06-18T09:05:48.566+0530] {dagbag.py:540} INFO - Filling up the DagBag from /mnt/c/Users/HP/Documents/airflow/dags/execute_multiple_tasks_upstream_downstream.py
[2025-06-18T09:05:48.603+0530] {logging_mixin.py:188} INFO - [2025-06-18T09:05:48.596+0530] {dagbag.py:350} ERROR - Failed to import: /mnt/c/Users/HP/Documents/airflow/dags/execute_multiple_tasks_upstream_downstream.py
Traceback (most recent call last):
  File "/home/pratima/airflow_env/lib/python3.8/site-packages/airflow/models/dagbag.py", line 346, in parse
    loader.exec_module(new_module)
  File "<frozen importlib._bootstrap_external>", line 848, in exec_module
  File "<frozen importlib._bootstrap>", line 219, in _call_with_frames_removed
  File "/mnt/c/Users/HP/Documents/airflow/dags/execute_multiple_tasks_upstream_downstream.py", line 36, in <module>
    taskA.set_downstream(taskB,taskC)  # Task A runs before Task B
  File "/home/pratima/airflow_env/lib/python3.8/site-packages/airflow/models/taskmixin.py", line 262, in set_downstream
    self._set_relatives(task_or_task_list, upstream=False, edge_modifier=edge_modifier)
  File "/home/pratima/airflow_env/lib/python3.8/site-packages/airflow/models/taskmixin.py", line 254, in _set_relatives
    edge_modifier.add_edge_info(self.dag, self.node_id, task.node_id)
AttributeError: 'BashOperator' object has no attribute 'add_edge_info'
[2025-06-18T09:05:48.604+0530] {processor.py:842} WARNING - No viable dags retrieved from /mnt/c/Users/HP/Documents/airflow/dags/execute_multiple_tasks_upstream_downstream.py
[2025-06-18T09:05:48.663+0530] {processor.py:183} INFO - Processing /mnt/c/Users/HP/Documents/airflow/dags/execute_multiple_tasks_upstream_downstream.py took 0.109 seconds
[2025-06-18T09:06:19.145+0530] {processor.py:161} INFO - Started process (PID=2291) to work on /mnt/c/Users/HP/Documents/airflow/dags/execute_multiple_tasks_upstream_downstream.py
[2025-06-18T09:06:19.147+0530] {processor.py:830} INFO - Processing file /mnt/c/Users/HP/Documents/airflow/dags/execute_multiple_tasks_upstream_downstream.py for tasks to queue
[2025-06-18T09:06:19.149+0530] {logging_mixin.py:188} INFO - [2025-06-18T09:06:19.148+0530] {dagbag.py:540} INFO - Filling up the DagBag from /mnt/c/Users/HP/Documents/airflow/dags/execute_multiple_tasks_upstream_downstream.py
[2025-06-18T09:06:19.182+0530] {logging_mixin.py:188} INFO - [2025-06-18T09:06:19.175+0530] {dagbag.py:350} ERROR - Failed to import: /mnt/c/Users/HP/Documents/airflow/dags/execute_multiple_tasks_upstream_downstream.py
Traceback (most recent call last):
  File "/home/pratima/airflow_env/lib/python3.8/site-packages/airflow/models/dagbag.py", line 346, in parse
    loader.exec_module(new_module)
  File "<frozen importlib._bootstrap_external>", line 848, in exec_module
  File "<frozen importlib._bootstrap>", line 219, in _call_with_frames_removed
  File "/mnt/c/Users/HP/Documents/airflow/dags/execute_multiple_tasks_upstream_downstream.py", line 36, in <module>
    taskA.set_downstream(taskB,taskC)  # Task A runs before Task B
  File "/home/pratima/airflow_env/lib/python3.8/site-packages/airflow/models/taskmixin.py", line 262, in set_downstream
    self._set_relatives(task_or_task_list, upstream=False, edge_modifier=edge_modifier)
  File "/home/pratima/airflow_env/lib/python3.8/site-packages/airflow/models/taskmixin.py", line 254, in _set_relatives
    edge_modifier.add_edge_info(self.dag, self.node_id, task.node_id)
AttributeError: 'BashOperator' object has no attribute 'add_edge_info'
[2025-06-18T09:06:19.183+0530] {processor.py:842} WARNING - No viable dags retrieved from /mnt/c/Users/HP/Documents/airflow/dags/execute_multiple_tasks_upstream_downstream.py
[2025-06-18T09:06:19.236+0530] {processor.py:183} INFO - Processing /mnt/c/Users/HP/Documents/airflow/dags/execute_multiple_tasks_upstream_downstream.py took 0.098 seconds
[2025-06-18T09:06:40.490+0530] {processor.py:161} INFO - Started process (PID=2294) to work on /mnt/c/Users/HP/Documents/airflow/dags/execute_multiple_tasks_upstream_downstream.py
[2025-06-18T09:06:40.492+0530] {processor.py:830} INFO - Processing file /mnt/c/Users/HP/Documents/airflow/dags/execute_multiple_tasks_upstream_downstream.py for tasks to queue
[2025-06-18T09:06:40.494+0530] {logging_mixin.py:188} INFO - [2025-06-18T09:06:40.494+0530] {dagbag.py:540} INFO - Filling up the DagBag from /mnt/c/Users/HP/Documents/airflow/dags/execute_multiple_tasks_upstream_downstream.py
[2025-06-18T09:06:40.550+0530] {logging_mixin.py:188} INFO - [2025-06-18T09:06:40.542+0530] {dagbag.py:350} ERROR - Failed to import: /mnt/c/Users/HP/Documents/airflow/dags/execute_multiple_tasks_upstream_downstream.py
Traceback (most recent call last):
  File "/home/pratima/airflow_env/lib/python3.8/site-packages/airflow/models/dagbag.py", line 346, in parse
    loader.exec_module(new_module)
  File "<frozen importlib._bootstrap_external>", line 848, in exec_module
  File "<frozen importlib._bootstrap>", line 219, in _call_with_frames_removed
  File "/mnt/c/Users/HP/Documents/airflow/dags/execute_multiple_tasks_upstream_downstream.py", line 36, in <module>
    taskA.set_downstream(taskB,taskC)  # Task A runs before Task B
  File "/home/pratima/airflow_env/lib/python3.8/site-packages/airflow/models/taskmixin.py", line 262, in set_downstream
    self._set_relatives(task_or_task_list, upstream=False, edge_modifier=edge_modifier)
  File "/home/pratima/airflow_env/lib/python3.8/site-packages/airflow/models/taskmixin.py", line 254, in _set_relatives
    edge_modifier.add_edge_info(self.dag, self.node_id, task.node_id)
AttributeError: 'BashOperator' object has no attribute 'add_edge_info'
[2025-06-18T09:06:40.551+0530] {processor.py:842} WARNING - No viable dags retrieved from /mnt/c/Users/HP/Documents/airflow/dags/execute_multiple_tasks_upstream_downstream.py
[2025-06-18T09:06:40.602+0530] {processor.py:183} INFO - Processing /mnt/c/Users/HP/Documents/airflow/dags/execute_multiple_tasks_upstream_downstream.py took 0.120 seconds
[2025-06-18T09:07:11.034+0530] {processor.py:161} INFO - Started process (PID=2307) to work on /mnt/c/Users/HP/Documents/airflow/dags/execute_multiple_tasks_upstream_downstream.py
[2025-06-18T09:07:11.035+0530] {processor.py:830} INFO - Processing file /mnt/c/Users/HP/Documents/airflow/dags/execute_multiple_tasks_upstream_downstream.py for tasks to queue
[2025-06-18T09:07:11.038+0530] {logging_mixin.py:188} INFO - [2025-06-18T09:07:11.037+0530] {dagbag.py:540} INFO - Filling up the DagBag from /mnt/c/Users/HP/Documents/airflow/dags/execute_multiple_tasks_upstream_downstream.py
[2025-06-18T09:07:11.072+0530] {logging_mixin.py:188} INFO - [2025-06-18T09:07:11.065+0530] {dagbag.py:350} ERROR - Failed to import: /mnt/c/Users/HP/Documents/airflow/dags/execute_multiple_tasks_upstream_downstream.py
Traceback (most recent call last):
  File "/home/pratima/airflow_env/lib/python3.8/site-packages/airflow/models/dagbag.py", line 346, in parse
    loader.exec_module(new_module)
  File "<frozen importlib._bootstrap_external>", line 848, in exec_module
  File "<frozen importlib._bootstrap>", line 219, in _call_with_frames_removed
  File "/mnt/c/Users/HP/Documents/airflow/dags/execute_multiple_tasks_upstream_downstream.py", line 36, in <module>
    taskA.set_downstream(taskB,taskC)  # Task A runs before Task B
  File "/home/pratima/airflow_env/lib/python3.8/site-packages/airflow/models/taskmixin.py", line 262, in set_downstream
    self._set_relatives(task_or_task_list, upstream=False, edge_modifier=edge_modifier)
  File "/home/pratima/airflow_env/lib/python3.8/site-packages/airflow/models/taskmixin.py", line 254, in _set_relatives
    edge_modifier.add_edge_info(self.dag, self.node_id, task.node_id)
AttributeError: 'BashOperator' object has no attribute 'add_edge_info'
[2025-06-18T09:07:11.073+0530] {processor.py:842} WARNING - No viable dags retrieved from /mnt/c/Users/HP/Documents/airflow/dags/execute_multiple_tasks_upstream_downstream.py
[2025-06-18T09:07:11.130+0530] {processor.py:183} INFO - Processing /mnt/c/Users/HP/Documents/airflow/dags/execute_multiple_tasks_upstream_downstream.py took 0.102 seconds
[2025-06-18T09:07:14.164+0530] {processor.py:161} INFO - Started process (PID=2308) to work on /mnt/c/Users/HP/Documents/airflow/dags/execute_multiple_tasks_upstream_downstream.py
[2025-06-18T09:07:14.166+0530] {processor.py:830} INFO - Processing file /mnt/c/Users/HP/Documents/airflow/dags/execute_multiple_tasks_upstream_downstream.py for tasks to queue
[2025-06-18T09:07:14.168+0530] {logging_mixin.py:188} INFO - [2025-06-18T09:07:14.167+0530] {dagbag.py:540} INFO - Filling up the DagBag from /mnt/c/Users/HP/Documents/airflow/dags/execute_multiple_tasks_upstream_downstream.py
[2025-06-18T09:07:14.224+0530] {processor.py:840} INFO - DAG(s) 'execute_tasks_upstream_downstream' retrieved from /mnt/c/Users/HP/Documents/airflow/dags/execute_multiple_tasks_upstream_downstream.py
[2025-06-18T09:07:14.578+0530] {logging_mixin.py:188} INFO - [2025-06-18T09:07:14.577+0530] {override.py:1829} INFO - Created Permission View: can delete on DAG:execute_tasks_upstream_downstream
[2025-06-18T09:07:14.634+0530] {logging_mixin.py:188} INFO - [2025-06-18T09:07:14.633+0530] {override.py:1829} INFO - Created Permission View: can read on DAG:execute_tasks_upstream_downstream
[2025-06-18T09:07:14.716+0530] {logging_mixin.py:188} INFO - [2025-06-18T09:07:14.715+0530] {override.py:1829} INFO - Created Permission View: can edit on DAG:execute_tasks_upstream_downstream
[2025-06-18T09:07:14.718+0530] {logging_mixin.py:188} INFO - [2025-06-18T09:07:14.718+0530] {dag.py:3096} INFO - Sync 1 DAGs
[2025-06-18T09:07:14.765+0530] {logging_mixin.py:188} INFO - [2025-06-18T09:07:14.763+0530] {dag.py:3118} INFO - Creating ORM DAG for execute_tasks_upstream_downstream
[2025-06-18T09:07:14.796+0530] {logging_mixin.py:188} INFO - [2025-06-18T09:07:14.796+0530] {dag.py:3954} INFO - Setting next_dagrun for execute_tasks_upstream_downstream to 2025-06-17 00:00:00+00:00, run_after=2025-06-17 00:00:00+00:00
[2025-06-18T09:07:14.931+0530] {processor.py:183} INFO - Processing /mnt/c/Users/HP/Documents/airflow/dags/execute_multiple_tasks_upstream_downstream.py took 0.774 seconds
[2025-06-18T09:07:45.009+0530] {processor.py:161} INFO - Started process (PID=2316) to work on /mnt/c/Users/HP/Documents/airflow/dags/execute_multiple_tasks_upstream_downstream.py
[2025-06-18T09:07:45.011+0530] {processor.py:830} INFO - Processing file /mnt/c/Users/HP/Documents/airflow/dags/execute_multiple_tasks_upstream_downstream.py for tasks to queue
[2025-06-18T09:07:45.014+0530] {logging_mixin.py:188} INFO - [2025-06-18T09:07:45.013+0530] {dagbag.py:540} INFO - Filling up the DagBag from /mnt/c/Users/HP/Documents/airflow/dags/execute_multiple_tasks_upstream_downstream.py
[2025-06-18T09:07:45.053+0530] {processor.py:840} INFO - DAG(s) 'execute_tasks_upstream_downstream' retrieved from /mnt/c/Users/HP/Documents/airflow/dags/execute_multiple_tasks_upstream_downstream.py
[2025-06-18T09:07:45.127+0530] {logging_mixin.py:188} INFO - [2025-06-18T09:07:45.126+0530] {dag.py:3096} INFO - Sync 1 DAGs
[2025-06-18T09:07:45.185+0530] {logging_mixin.py:188} INFO - [2025-06-18T09:07:45.184+0530] {dag.py:3954} INFO - Setting next_dagrun for execute_tasks_upstream_downstream to 2025-06-17 00:00:00+00:00, run_after=2025-06-17 00:00:00+00:00
[2025-06-18T09:07:45.300+0530] {processor.py:183} INFO - Processing /mnt/c/Users/HP/Documents/airflow/dags/execute_multiple_tasks_upstream_downstream.py took 0.297 seconds
[2025-06-18T09:07:46.557+0530] {processor.py:161} INFO - Started process (PID=2317) to work on /mnt/c/Users/HP/Documents/airflow/dags/execute_multiple_tasks_upstream_downstream.py
[2025-06-18T09:07:46.558+0530] {processor.py:830} INFO - Processing file /mnt/c/Users/HP/Documents/airflow/dags/execute_multiple_tasks_upstream_downstream.py for tasks to queue
[2025-06-18T09:07:46.560+0530] {logging_mixin.py:188} INFO - [2025-06-18T09:07:46.560+0530] {dagbag.py:540} INFO - Filling up the DagBag from /mnt/c/Users/HP/Documents/airflow/dags/execute_multiple_tasks_upstream_downstream.py
[2025-06-18T09:07:46.613+0530] {logging_mixin.py:188} INFO - [2025-06-18T09:07:46.604+0530] {dagbag.py:350} ERROR - Failed to import: /mnt/c/Users/HP/Documents/airflow/dags/execute_multiple_tasks_upstream_downstream.py
Traceback (most recent call last):
  File "/home/pratima/airflow_env/lib/python3.8/site-packages/airflow/models/dagbag.py", line 346, in parse
    loader.exec_module(new_module)
  File "<frozen importlib._bootstrap_external>", line 848, in exec_module
  File "<frozen importlib._bootstrap>", line 219, in _call_with_frames_removed
  File "/mnt/c/Users/HP/Documents/airflow/dags/execute_multiple_tasks_upstream_downstream.py", line 36, in <module>
    taskA.set_downstream(taskB,taskC)  # Task A runs before Task B
  File "/home/pratima/airflow_env/lib/python3.8/site-packages/airflow/models/taskmixin.py", line 262, in set_downstream
    self._set_relatives(task_or_task_list, upstream=False, edge_modifier=edge_modifier)
  File "/home/pratima/airflow_env/lib/python3.8/site-packages/airflow/models/taskmixin.py", line 254, in _set_relatives
    edge_modifier.add_edge_info(self.dag, self.node_id, task.node_id)
AttributeError: 'BashOperator' object has no attribute 'add_edge_info'
[2025-06-18T09:07:46.613+0530] {processor.py:842} WARNING - No viable dags retrieved from /mnt/c/Users/HP/Documents/airflow/dags/execute_multiple_tasks_upstream_downstream.py
[2025-06-18T09:07:46.670+0530] {processor.py:183} INFO - Processing /mnt/c/Users/HP/Documents/airflow/dags/execute_multiple_tasks_upstream_downstream.py took 0.121 seconds
[2025-06-18T09:08:16.872+0530] {processor.py:161} INFO - Started process (PID=2323) to work on /mnt/c/Users/HP/Documents/airflow/dags/execute_multiple_tasks_upstream_downstream.py
[2025-06-18T09:08:16.874+0530] {processor.py:830} INFO - Processing file /mnt/c/Users/HP/Documents/airflow/dags/execute_multiple_tasks_upstream_downstream.py for tasks to queue
[2025-06-18T09:08:16.876+0530] {logging_mixin.py:188} INFO - [2025-06-18T09:08:16.875+0530] {dagbag.py:540} INFO - Filling up the DagBag from /mnt/c/Users/HP/Documents/airflow/dags/execute_multiple_tasks_upstream_downstream.py
[2025-06-18T09:08:16.942+0530] {logging_mixin.py:188} INFO - [2025-06-18T09:08:16.932+0530] {dagbag.py:350} ERROR - Failed to import: /mnt/c/Users/HP/Documents/airflow/dags/execute_multiple_tasks_upstream_downstream.py
Traceback (most recent call last):
  File "/home/pratima/airflow_env/lib/python3.8/site-packages/airflow/models/dagbag.py", line 346, in parse
    loader.exec_module(new_module)
  File "<frozen importlib._bootstrap_external>", line 848, in exec_module
  File "<frozen importlib._bootstrap>", line 219, in _call_with_frames_removed
  File "/mnt/c/Users/HP/Documents/airflow/dags/execute_multiple_tasks_upstream_downstream.py", line 36, in <module>
    taskA.set_downstream(taskB,taskC)  # Task A runs before Task B
  File "/home/pratima/airflow_env/lib/python3.8/site-packages/airflow/models/taskmixin.py", line 262, in set_downstream
    self._set_relatives(task_or_task_list, upstream=False, edge_modifier=edge_modifier)
  File "/home/pratima/airflow_env/lib/python3.8/site-packages/airflow/models/taskmixin.py", line 254, in _set_relatives
    edge_modifier.add_edge_info(self.dag, self.node_id, task.node_id)
AttributeError: 'BashOperator' object has no attribute 'add_edge_info'
[2025-06-18T09:08:16.943+0530] {processor.py:842} WARNING - No viable dags retrieved from /mnt/c/Users/HP/Documents/airflow/dags/execute_multiple_tasks_upstream_downstream.py
[2025-06-18T09:08:17.011+0530] {processor.py:183} INFO - Processing /mnt/c/Users/HP/Documents/airflow/dags/execute_multiple_tasks_upstream_downstream.py took 0.146 seconds
[2025-06-18T09:08:47.882+0530] {processor.py:161} INFO - Started process (PID=2330) to work on /mnt/c/Users/HP/Documents/airflow/dags/execute_multiple_tasks_upstream_downstream.py
[2025-06-18T09:08:47.883+0530] {processor.py:830} INFO - Processing file /mnt/c/Users/HP/Documents/airflow/dags/execute_multiple_tasks_upstream_downstream.py for tasks to queue
[2025-06-18T09:08:47.885+0530] {logging_mixin.py:188} INFO - [2025-06-18T09:08:47.885+0530] {dagbag.py:540} INFO - Filling up the DagBag from /mnt/c/Users/HP/Documents/airflow/dags/execute_multiple_tasks_upstream_downstream.py
[2025-06-18T09:08:47.919+0530] {logging_mixin.py:188} INFO - [2025-06-18T09:08:47.913+0530] {dagbag.py:350} ERROR - Failed to import: /mnt/c/Users/HP/Documents/airflow/dags/execute_multiple_tasks_upstream_downstream.py
Traceback (most recent call last):
  File "/home/pratima/airflow_env/lib/python3.8/site-packages/airflow/models/dagbag.py", line 346, in parse
    loader.exec_module(new_module)
  File "<frozen importlib._bootstrap_external>", line 848, in exec_module
  File "<frozen importlib._bootstrap>", line 219, in _call_with_frames_removed
  File "/mnt/c/Users/HP/Documents/airflow/dags/execute_multiple_tasks_upstream_downstream.py", line 36, in <module>
    taskA.set_downstream(taskB,taskC)  # Task A runs before Task B
  File "/home/pratima/airflow_env/lib/python3.8/site-packages/airflow/models/taskmixin.py", line 262, in set_downstream
    self._set_relatives(task_or_task_list, upstream=False, edge_modifier=edge_modifier)
  File "/home/pratima/airflow_env/lib/python3.8/site-packages/airflow/models/taskmixin.py", line 254, in _set_relatives
    edge_modifier.add_edge_info(self.dag, self.node_id, task.node_id)
AttributeError: 'BashOperator' object has no attribute 'add_edge_info'
[2025-06-18T09:08:47.920+0530] {processor.py:842} WARNING - No viable dags retrieved from /mnt/c/Users/HP/Documents/airflow/dags/execute_multiple_tasks_upstream_downstream.py
[2025-06-18T09:08:47.971+0530] {processor.py:183} INFO - Processing /mnt/c/Users/HP/Documents/airflow/dags/execute_multiple_tasks_upstream_downstream.py took 0.096 seconds
[2025-06-18T09:09:18.602+0530] {processor.py:161} INFO - Started process (PID=2333) to work on /mnt/c/Users/HP/Documents/airflow/dags/execute_multiple_tasks_upstream_downstream.py
[2025-06-18T09:09:18.605+0530] {processor.py:830} INFO - Processing file /mnt/c/Users/HP/Documents/airflow/dags/execute_multiple_tasks_upstream_downstream.py for tasks to queue
[2025-06-18T09:09:18.609+0530] {logging_mixin.py:188} INFO - [2025-06-18T09:09:18.608+0530] {dagbag.py:540} INFO - Filling up the DagBag from /mnt/c/Users/HP/Documents/airflow/dags/execute_multiple_tasks_upstream_downstream.py
[2025-06-18T09:09:18.673+0530] {logging_mixin.py:188} INFO - [2025-06-18T09:09:18.659+0530] {dagbag.py:350} ERROR - Failed to import: /mnt/c/Users/HP/Documents/airflow/dags/execute_multiple_tasks_upstream_downstream.py
Traceback (most recent call last):
  File "/home/pratima/airflow_env/lib/python3.8/site-packages/airflow/models/dagbag.py", line 346, in parse
    loader.exec_module(new_module)
  File "<frozen importlib._bootstrap_external>", line 848, in exec_module
  File "<frozen importlib._bootstrap>", line 219, in _call_with_frames_removed
  File "/mnt/c/Users/HP/Documents/airflow/dags/execute_multiple_tasks_upstream_downstream.py", line 36, in <module>
    taskA.set_downstream(taskB,taskC)  # Task A runs before Task B
  File "/home/pratima/airflow_env/lib/python3.8/site-packages/airflow/models/taskmixin.py", line 262, in set_downstream
    self._set_relatives(task_or_task_list, upstream=False, edge_modifier=edge_modifier)
  File "/home/pratima/airflow_env/lib/python3.8/site-packages/airflow/models/taskmixin.py", line 254, in _set_relatives
    edge_modifier.add_edge_info(self.dag, self.node_id, task.node_id)
AttributeError: 'BashOperator' object has no attribute 'add_edge_info'
[2025-06-18T09:09:18.674+0530] {processor.py:842} WARNING - No viable dags retrieved from /mnt/c/Users/HP/Documents/airflow/dags/execute_multiple_tasks_upstream_downstream.py
[2025-06-18T09:09:18.762+0530] {processor.py:183} INFO - Processing /mnt/c/Users/HP/Documents/airflow/dags/execute_multiple_tasks_upstream_downstream.py took 0.175 seconds
[2025-06-18T09:09:49.858+0530] {processor.py:161} INFO - Started process (PID=2336) to work on /mnt/c/Users/HP/Documents/airflow/dags/execute_multiple_tasks_upstream_downstream.py
[2025-06-18T09:09:49.859+0530] {processor.py:830} INFO - Processing file /mnt/c/Users/HP/Documents/airflow/dags/execute_multiple_tasks_upstream_downstream.py for tasks to queue
[2025-06-18T09:09:49.861+0530] {logging_mixin.py:188} INFO - [2025-06-18T09:09:49.860+0530] {dagbag.py:540} INFO - Filling up the DagBag from /mnt/c/Users/HP/Documents/airflow/dags/execute_multiple_tasks_upstream_downstream.py
[2025-06-18T09:09:49.895+0530] {logging_mixin.py:188} INFO - [2025-06-18T09:09:49.888+0530] {dagbag.py:350} ERROR - Failed to import: /mnt/c/Users/HP/Documents/airflow/dags/execute_multiple_tasks_upstream_downstream.py
Traceback (most recent call last):
  File "/home/pratima/airflow_env/lib/python3.8/site-packages/airflow/models/dagbag.py", line 346, in parse
    loader.exec_module(new_module)
  File "<frozen importlib._bootstrap_external>", line 848, in exec_module
  File "<frozen importlib._bootstrap>", line 219, in _call_with_frames_removed
  File "/mnt/c/Users/HP/Documents/airflow/dags/execute_multiple_tasks_upstream_downstream.py", line 36, in <module>
    taskA.set_downstream(taskB,taskC)  # Task A runs before Task B
  File "/home/pratima/airflow_env/lib/python3.8/site-packages/airflow/models/taskmixin.py", line 262, in set_downstream
    self._set_relatives(task_or_task_list, upstream=False, edge_modifier=edge_modifier)
  File "/home/pratima/airflow_env/lib/python3.8/site-packages/airflow/models/taskmixin.py", line 254, in _set_relatives
    edge_modifier.add_edge_info(self.dag, self.node_id, task.node_id)
AttributeError: 'BashOperator' object has no attribute 'add_edge_info'
[2025-06-18T09:09:49.896+0530] {processor.py:842} WARNING - No viable dags retrieved from /mnt/c/Users/HP/Documents/airflow/dags/execute_multiple_tasks_upstream_downstream.py
[2025-06-18T09:09:49.948+0530] {processor.py:183} INFO - Processing /mnt/c/Users/HP/Documents/airflow/dags/execute_multiple_tasks_upstream_downstream.py took 0.098 seconds
[2025-06-18T09:10:20.917+0530] {processor.py:161} INFO - Started process (PID=2339) to work on /mnt/c/Users/HP/Documents/airflow/dags/execute_multiple_tasks_upstream_downstream.py
[2025-06-18T09:10:20.919+0530] {processor.py:830} INFO - Processing file /mnt/c/Users/HP/Documents/airflow/dags/execute_multiple_tasks_upstream_downstream.py for tasks to queue
[2025-06-18T09:10:20.921+0530] {logging_mixin.py:188} INFO - [2025-06-18T09:10:20.920+0530] {dagbag.py:540} INFO - Filling up the DagBag from /mnt/c/Users/HP/Documents/airflow/dags/execute_multiple_tasks_upstream_downstream.py
[2025-06-18T09:10:20.981+0530] {logging_mixin.py:188} INFO - [2025-06-18T09:10:20.968+0530] {dagbag.py:350} ERROR - Failed to import: /mnt/c/Users/HP/Documents/airflow/dags/execute_multiple_tasks_upstream_downstream.py
Traceback (most recent call last):
  File "/home/pratima/airflow_env/lib/python3.8/site-packages/airflow/models/dagbag.py", line 346, in parse
    loader.exec_module(new_module)
  File "<frozen importlib._bootstrap_external>", line 848, in exec_module
  File "<frozen importlib._bootstrap>", line 219, in _call_with_frames_removed
  File "/mnt/c/Users/HP/Documents/airflow/dags/execute_multiple_tasks_upstream_downstream.py", line 36, in <module>
    taskA.set_downstream(taskB,taskC)  # Task A runs before Task B
  File "/home/pratima/airflow_env/lib/python3.8/site-packages/airflow/models/taskmixin.py", line 262, in set_downstream
    self._set_relatives(task_or_task_list, upstream=False, edge_modifier=edge_modifier)
  File "/home/pratima/airflow_env/lib/python3.8/site-packages/airflow/models/taskmixin.py", line 254, in _set_relatives
    edge_modifier.add_edge_info(self.dag, self.node_id, task.node_id)
AttributeError: 'BashOperator' object has no attribute 'add_edge_info'
[2025-06-18T09:10:20.982+0530] {processor.py:842} WARNING - No viable dags retrieved from /mnt/c/Users/HP/Documents/airflow/dags/execute_multiple_tasks_upstream_downstream.py
[2025-06-18T09:10:21.063+0530] {processor.py:183} INFO - Processing /mnt/c/Users/HP/Documents/airflow/dags/execute_multiple_tasks_upstream_downstream.py took 0.155 seconds
[2025-06-18T09:10:50.834+0530] {processor.py:161} INFO - Started process (PID=2342) to work on /mnt/c/Users/HP/Documents/airflow/dags/execute_multiple_tasks_upstream_downstream.py
[2025-06-18T09:10:50.837+0530] {processor.py:830} INFO - Processing file /mnt/c/Users/HP/Documents/airflow/dags/execute_multiple_tasks_upstream_downstream.py for tasks to queue
[2025-06-18T09:10:50.842+0530] {logging_mixin.py:188} INFO - [2025-06-18T09:10:50.841+0530] {dagbag.py:540} INFO - Filling up the DagBag from /mnt/c/Users/HP/Documents/airflow/dags/execute_multiple_tasks_upstream_downstream.py
[2025-06-18T09:10:50.916+0530] {processor.py:840} INFO - DAG(s) 'execute_tasks_upstream_downstream' retrieved from /mnt/c/Users/HP/Documents/airflow/dags/execute_multiple_tasks_upstream_downstream.py
[2025-06-18T09:10:51.141+0530] {logging_mixin.py:188} INFO - [2025-06-18T09:10:51.141+0530] {dag.py:3096} INFO - Sync 1 DAGs
[2025-06-18T09:10:51.172+0530] {logging_mixin.py:188} INFO - [2025-06-18T09:10:51.172+0530] {dag.py:3954} INFO - Setting next_dagrun for execute_tasks_upstream_downstream to 2025-06-17 00:00:00+00:00, run_after=2025-06-17 00:00:00+00:00
[2025-06-18T09:10:51.299+0530] {processor.py:183} INFO - Processing /mnt/c/Users/HP/Documents/airflow/dags/execute_multiple_tasks_upstream_downstream.py took 0.484 seconds
[2025-06-18T09:11:21.405+0530] {processor.py:161} INFO - Started process (PID=2351) to work on /mnt/c/Users/HP/Documents/airflow/dags/execute_multiple_tasks_upstream_downstream.py
[2025-06-18T09:11:21.406+0530] {processor.py:830} INFO - Processing file /mnt/c/Users/HP/Documents/airflow/dags/execute_multiple_tasks_upstream_downstream.py for tasks to queue
[2025-06-18T09:11:21.407+0530] {logging_mixin.py:188} INFO - [2025-06-18T09:11:21.407+0530] {dagbag.py:540} INFO - Filling up the DagBag from /mnt/c/Users/HP/Documents/airflow/dags/execute_multiple_tasks_upstream_downstream.py
[2025-06-18T09:11:21.434+0530] {processor.py:840} INFO - DAG(s) 'execute_tasks_upstream_downstream' retrieved from /mnt/c/Users/HP/Documents/airflow/dags/execute_multiple_tasks_upstream_downstream.py
[2025-06-18T09:11:21.466+0530] {logging_mixin.py:188} INFO - [2025-06-18T09:11:21.465+0530] {dag.py:3096} INFO - Sync 1 DAGs
[2025-06-18T09:11:21.491+0530] {logging_mixin.py:188} INFO - [2025-06-18T09:11:21.491+0530] {dag.py:3954} INFO - Setting next_dagrun for execute_tasks_upstream_downstream to 2025-06-17 00:00:00+00:00, run_after=2025-06-17 00:00:00+00:00
[2025-06-18T09:11:21.563+0530] {processor.py:183} INFO - Processing /mnt/c/Users/HP/Documents/airflow/dags/execute_multiple_tasks_upstream_downstream.py took 0.165 seconds
[2025-06-18T09:11:44.865+0530] {processor.py:161} INFO - Started process (PID=2352) to work on /mnt/c/Users/HP/Documents/airflow/dags/execute_multiple_tasks_upstream_downstream.py
[2025-06-18T09:11:44.866+0530] {processor.py:830} INFO - Processing file /mnt/c/Users/HP/Documents/airflow/dags/execute_multiple_tasks_upstream_downstream.py for tasks to queue
[2025-06-18T09:11:44.868+0530] {logging_mixin.py:188} INFO - [2025-06-18T09:11:44.867+0530] {dagbag.py:540} INFO - Filling up the DagBag from /mnt/c/Users/HP/Documents/airflow/dags/execute_multiple_tasks_upstream_downstream.py
[2025-06-18T09:11:44.925+0530] {processor.py:840} INFO - DAG(s) 'execute_tasks_upstream_downstream' retrieved from /mnt/c/Users/HP/Documents/airflow/dags/execute_multiple_tasks_upstream_downstream.py
[2025-06-18T09:11:45.083+0530] {logging_mixin.py:188} INFO - [2025-06-18T09:11:45.083+0530] {dag.py:3096} INFO - Sync 1 DAGs
[2025-06-18T09:11:45.113+0530] {logging_mixin.py:188} INFO - [2025-06-18T09:11:45.112+0530] {dag.py:3954} INFO - Setting next_dagrun for execute_tasks_upstream_downstream to 2025-06-17 00:00:00+00:00, run_after=2025-06-17 00:00:00+00:00
[2025-06-18T09:11:45.238+0530] {processor.py:183} INFO - Processing /mnt/c/Users/HP/Documents/airflow/dags/execute_multiple_tasks_upstream_downstream.py took 0.392 seconds
[2025-06-18T09:12:15.386+0530] {processor.py:161} INFO - Started process (PID=2377) to work on /mnt/c/Users/HP/Documents/airflow/dags/execute_multiple_tasks_upstream_downstream.py
[2025-06-18T09:12:15.387+0530] {processor.py:830} INFO - Processing file /mnt/c/Users/HP/Documents/airflow/dags/execute_multiple_tasks_upstream_downstream.py for tasks to queue
[2025-06-18T09:12:15.389+0530] {logging_mixin.py:188} INFO - [2025-06-18T09:12:15.388+0530] {dagbag.py:540} INFO - Filling up the DagBag from /mnt/c/Users/HP/Documents/airflow/dags/execute_multiple_tasks_upstream_downstream.py
[2025-06-18T09:12:15.422+0530] {processor.py:840} INFO - DAG(s) 'execute_tasks_upstream_downstream' retrieved from /mnt/c/Users/HP/Documents/airflow/dags/execute_multiple_tasks_upstream_downstream.py
[2025-06-18T09:12:15.471+0530] {logging_mixin.py:188} INFO - [2025-06-18T09:12:15.471+0530] {dag.py:3096} INFO - Sync 1 DAGs
[2025-06-18T09:12:15.507+0530] {logging_mixin.py:188} INFO - [2025-06-18T09:12:15.507+0530] {dag.py:3954} INFO - Setting next_dagrun for execute_tasks_upstream_downstream to None, run_after=None
[2025-06-18T09:12:15.605+0530] {processor.py:183} INFO - Processing /mnt/c/Users/HP/Documents/airflow/dags/execute_multiple_tasks_upstream_downstream.py took 0.226 seconds
[2025-06-18T09:12:45.799+0530] {processor.py:161} INFO - Started process (PID=2386) to work on /mnt/c/Users/HP/Documents/airflow/dags/execute_multiple_tasks_upstream_downstream.py
[2025-06-18T09:12:45.802+0530] {processor.py:830} INFO - Processing file /mnt/c/Users/HP/Documents/airflow/dags/execute_multiple_tasks_upstream_downstream.py for tasks to queue
[2025-06-18T09:12:45.805+0530] {logging_mixin.py:188} INFO - [2025-06-18T09:12:45.804+0530] {dagbag.py:540} INFO - Filling up the DagBag from /mnt/c/Users/HP/Documents/airflow/dags/execute_multiple_tasks_upstream_downstream.py
[2025-06-18T09:12:45.867+0530] {processor.py:840} INFO - DAG(s) 'execute_tasks_upstream_downstream' retrieved from /mnt/c/Users/HP/Documents/airflow/dags/execute_multiple_tasks_upstream_downstream.py
[2025-06-18T09:12:45.945+0530] {logging_mixin.py:188} INFO - [2025-06-18T09:12:45.945+0530] {dag.py:3096} INFO - Sync 1 DAGs
[2025-06-18T09:12:46.016+0530] {logging_mixin.py:188} INFO - [2025-06-18T09:12:46.015+0530] {dag.py:3954} INFO - Setting next_dagrun for execute_tasks_upstream_downstream to None, run_after=None
[2025-06-18T09:12:46.117+0530] {processor.py:183} INFO - Processing /mnt/c/Users/HP/Documents/airflow/dags/execute_multiple_tasks_upstream_downstream.py took 0.331 seconds
[2025-06-18T09:13:16.965+0530] {processor.py:161} INFO - Started process (PID=2393) to work on /mnt/c/Users/HP/Documents/airflow/dags/execute_multiple_tasks_upstream_downstream.py
[2025-06-18T09:13:16.967+0530] {processor.py:830} INFO - Processing file /mnt/c/Users/HP/Documents/airflow/dags/execute_multiple_tasks_upstream_downstream.py for tasks to queue
[2025-06-18T09:13:16.968+0530] {logging_mixin.py:188} INFO - [2025-06-18T09:13:16.967+0530] {dagbag.py:540} INFO - Filling up the DagBag from /mnt/c/Users/HP/Documents/airflow/dags/execute_multiple_tasks_upstream_downstream.py
[2025-06-18T09:13:17.004+0530] {processor.py:840} INFO - DAG(s) 'execute_tasks_upstream_downstream' retrieved from /mnt/c/Users/HP/Documents/airflow/dags/execute_multiple_tasks_upstream_downstream.py
[2025-06-18T09:13:17.046+0530] {logging_mixin.py:188} INFO - [2025-06-18T09:13:17.046+0530] {dag.py:3096} INFO - Sync 1 DAGs
[2025-06-18T09:13:17.080+0530] {logging_mixin.py:188} INFO - [2025-06-18T09:13:17.079+0530] {dag.py:3954} INFO - Setting next_dagrun for execute_tasks_upstream_downstream to None, run_after=None
[2025-06-18T09:13:17.167+0530] {processor.py:183} INFO - Processing /mnt/c/Users/HP/Documents/airflow/dags/execute_multiple_tasks_upstream_downstream.py took 0.209 seconds
[2025-06-18T09:13:47.919+0530] {processor.py:161} INFO - Started process (PID=2401) to work on /mnt/c/Users/HP/Documents/airflow/dags/execute_multiple_tasks_upstream_downstream.py
[2025-06-18T09:13:47.921+0530] {processor.py:830} INFO - Processing file /mnt/c/Users/HP/Documents/airflow/dags/execute_multiple_tasks_upstream_downstream.py for tasks to queue
[2025-06-18T09:13:47.922+0530] {logging_mixin.py:188} INFO - [2025-06-18T09:13:47.921+0530] {dagbag.py:540} INFO - Filling up the DagBag from /mnt/c/Users/HP/Documents/airflow/dags/execute_multiple_tasks_upstream_downstream.py
[2025-06-18T09:13:47.952+0530] {processor.py:840} INFO - DAG(s) 'execute_tasks_upstream_downstream' retrieved from /mnt/c/Users/HP/Documents/airflow/dags/execute_multiple_tasks_upstream_downstream.py
[2025-06-18T09:13:47.990+0530] {logging_mixin.py:188} INFO - [2025-06-18T09:13:47.989+0530] {dag.py:3096} INFO - Sync 1 DAGs
[2025-06-18T09:13:48.021+0530] {logging_mixin.py:188} INFO - [2025-06-18T09:13:48.021+0530] {dag.py:3954} INFO - Setting next_dagrun for execute_tasks_upstream_downstream to None, run_after=None
[2025-06-18T09:13:48.106+0530] {processor.py:183} INFO - Processing /mnt/c/Users/HP/Documents/airflow/dags/execute_multiple_tasks_upstream_downstream.py took 0.195 seconds
