[2025-06-18T07:38:19.323+0530] {processor.py:161} INFO - Started process (PID=1580) to work on /mnt/c/Users/HP/Documents/airflow/dags/hello_world.py
[2025-06-18T07:38:19.423+0530] {processor.py:830} INFO - Processing file /mnt/c/Users/HP/Documents/airflow/dags/hello_world.py for tasks to queue
[2025-06-18T07:38:19.543+0530] {logging_mixin.py:188} INFO - [2025-06-18T07:38:19.526+0530] {dagbag.py:540} INFO - Filling up the DagBag from /mnt/c/Users/HP/Documents/airflow/dags/hello_world.py
[2025-06-18T07:38:23.607+0530] {processor.py:840} INFO - DAG(s) 'hello_world' retrieved from /mnt/c/Users/HP/Documents/airflow/dags/hello_world.py
[2025-06-18T07:38:27.608+0530] {logging_mixin.py:188} INFO - [2025-06-18T07:38:27.607+0530] {dag.py:3096} INFO - Sync 1 DAGs
[2025-06-18T07:38:27.754+0530] {logging_mixin.py:188} INFO - [2025-06-18T07:38:27.753+0530] {dag.py:3954} INFO - Setting next_dagrun for hello_world to None, run_after=None
[2025-06-18T07:38:28.726+0530] {processor.py:183} INFO - Processing /mnt/c/Users/HP/Documents/airflow/dags/hello_world.py took 10.172 seconds
[2025-06-18T07:38:59.751+0530] {processor.py:161} INFO - Started process (PID=1700) to work on /mnt/c/Users/HP/Documents/airflow/dags/hello_world.py
[2025-06-18T07:38:59.767+0530] {processor.py:830} INFO - Processing file /mnt/c/Users/HP/Documents/airflow/dags/hello_world.py for tasks to queue
[2025-06-18T07:38:59.796+0530] {logging_mixin.py:188} INFO - [2025-06-18T07:38:59.791+0530] {dagbag.py:540} INFO - Filling up the DagBag from /mnt/c/Users/HP/Documents/airflow/dags/hello_world.py
[2025-06-18T07:39:00.048+0530] {processor.py:840} INFO - DAG(s) 'hello_world' retrieved from /mnt/c/Users/HP/Documents/airflow/dags/hello_world.py
[2025-06-18T07:39:00.348+0530] {logging_mixin.py:188} INFO - [2025-06-18T07:39:00.348+0530] {dag.py:3096} INFO - Sync 1 DAGs
[2025-06-18T07:39:00.467+0530] {logging_mixin.py:188} INFO - [2025-06-18T07:39:00.466+0530] {dag.py:3954} INFO - Setting next_dagrun for hello_world to None, run_after=None
[2025-06-18T07:39:00.796+0530] {processor.py:183} INFO - Processing /mnt/c/Users/HP/Documents/airflow/dags/hello_world.py took 1.150 seconds
[2025-06-18T07:39:31.845+0530] {processor.py:161} INFO - Started process (PID=1701) to work on /mnt/c/Users/HP/Documents/airflow/dags/hello_world.py
[2025-06-18T07:39:31.847+0530] {processor.py:830} INFO - Processing file /mnt/c/Users/HP/Documents/airflow/dags/hello_world.py for tasks to queue
[2025-06-18T07:39:31.849+0530] {logging_mixin.py:188} INFO - [2025-06-18T07:39:31.849+0530] {dagbag.py:540} INFO - Filling up the DagBag from /mnt/c/Users/HP/Documents/airflow/dags/hello_world.py
[2025-06-18T07:39:31.887+0530] {processor.py:840} INFO - DAG(s) 'hello_world' retrieved from /mnt/c/Users/HP/Documents/airflow/dags/hello_world.py
[2025-06-18T07:39:31.930+0530] {logging_mixin.py:188} INFO - [2025-06-18T07:39:31.930+0530] {dag.py:3096} INFO - Sync 1 DAGs
[2025-06-18T07:39:31.952+0530] {logging_mixin.py:188} INFO - [2025-06-18T07:39:31.952+0530] {dag.py:3954} INFO - Setting next_dagrun for hello_world to None, run_after=None
[2025-06-18T07:39:32.059+0530] {processor.py:183} INFO - Processing /mnt/c/Users/HP/Documents/airflow/dags/hello_world.py took 0.223 seconds
[2025-06-18T07:40:02.938+0530] {processor.py:161} INFO - Started process (PID=1711) to work on /mnt/c/Users/HP/Documents/airflow/dags/hello_world.py
[2025-06-18T07:40:02.941+0530] {processor.py:830} INFO - Processing file /mnt/c/Users/HP/Documents/airflow/dags/hello_world.py for tasks to queue
[2025-06-18T07:40:02.946+0530] {logging_mixin.py:188} INFO - [2025-06-18T07:40:02.944+0530] {dagbag.py:540} INFO - Filling up the DagBag from /mnt/c/Users/HP/Documents/airflow/dags/hello_world.py
[2025-06-18T07:40:03.002+0530] {processor.py:840} INFO - DAG(s) 'hello_world' retrieved from /mnt/c/Users/HP/Documents/airflow/dags/hello_world.py
[2025-06-18T07:40:03.075+0530] {logging_mixin.py:188} INFO - [2025-06-18T07:40:03.074+0530] {dag.py:3096} INFO - Sync 1 DAGs
[2025-06-18T07:40:03.121+0530] {logging_mixin.py:188} INFO - [2025-06-18T07:40:03.121+0530] {dag.py:3954} INFO - Setting next_dagrun for hello_world to None, run_after=None
[2025-06-18T07:40:03.241+0530] {processor.py:183} INFO - Processing /mnt/c/Users/HP/Documents/airflow/dags/hello_world.py took 0.313 seconds
[2025-06-18T07:40:33.435+0530] {processor.py:161} INFO - Started process (PID=1715) to work on /mnt/c/Users/HP/Documents/airflow/dags/hello_world.py
[2025-06-18T07:40:33.436+0530] {processor.py:830} INFO - Processing file /mnt/c/Users/HP/Documents/airflow/dags/hello_world.py for tasks to queue
[2025-06-18T07:40:33.439+0530] {logging_mixin.py:188} INFO - [2025-06-18T07:40:33.438+0530] {dagbag.py:540} INFO - Filling up the DagBag from /mnt/c/Users/HP/Documents/airflow/dags/hello_world.py
[2025-06-18T07:40:33.471+0530] {processor.py:840} INFO - DAG(s) 'hello_world' retrieved from /mnt/c/Users/HP/Documents/airflow/dags/hello_world.py
[2025-06-18T07:40:33.521+0530] {logging_mixin.py:188} INFO - [2025-06-18T07:40:33.521+0530] {dag.py:3096} INFO - Sync 1 DAGs
[2025-06-18T07:40:33.552+0530] {logging_mixin.py:188} INFO - [2025-06-18T07:40:33.552+0530] {dag.py:3954} INFO - Setting next_dagrun for hello_world to None, run_after=None
[2025-06-18T07:40:33.693+0530] {processor.py:183} INFO - Processing /mnt/c/Users/HP/Documents/airflow/dags/hello_world.py took 0.268 seconds
[2025-06-18T07:41:04.085+0530] {processor.py:161} INFO - Started process (PID=1724) to work on /mnt/c/Users/HP/Documents/airflow/dags/hello_world.py
[2025-06-18T07:41:04.088+0530] {processor.py:830} INFO - Processing file /mnt/c/Users/HP/Documents/airflow/dags/hello_world.py for tasks to queue
[2025-06-18T07:41:04.091+0530] {logging_mixin.py:188} INFO - [2025-06-18T07:41:04.090+0530] {dagbag.py:540} INFO - Filling up the DagBag from /mnt/c/Users/HP/Documents/airflow/dags/hello_world.py
[2025-06-18T07:41:04.126+0530] {processor.py:840} INFO - DAG(s) 'hello_world' retrieved from /mnt/c/Users/HP/Documents/airflow/dags/hello_world.py
[2025-06-18T07:41:04.176+0530] {logging_mixin.py:188} INFO - [2025-06-18T07:41:04.176+0530] {dag.py:3096} INFO - Sync 1 DAGs
[2025-06-18T07:41:04.213+0530] {logging_mixin.py:188} INFO - [2025-06-18T07:41:04.213+0530] {dag.py:3954} INFO - Setting next_dagrun for hello_world to None, run_after=None
[2025-06-18T07:41:04.366+0530] {processor.py:183} INFO - Processing /mnt/c/Users/HP/Documents/airflow/dags/hello_world.py took 0.290 seconds
[2025-06-18T07:41:34.917+0530] {processor.py:161} INFO - Started process (PID=1728) to work on /mnt/c/Users/HP/Documents/airflow/dags/hello_world.py
[2025-06-18T07:41:34.920+0530] {processor.py:830} INFO - Processing file /mnt/c/Users/HP/Documents/airflow/dags/hello_world.py for tasks to queue
[2025-06-18T07:41:34.926+0530] {logging_mixin.py:188} INFO - [2025-06-18T07:41:34.925+0530] {dagbag.py:540} INFO - Filling up the DagBag from /mnt/c/Users/HP/Documents/airflow/dags/hello_world.py
[2025-06-18T07:41:35.005+0530] {processor.py:840} INFO - DAG(s) 'hello_world' retrieved from /mnt/c/Users/HP/Documents/airflow/dags/hello_world.py
[2025-06-18T07:41:35.143+0530] {logging_mixin.py:188} INFO - [2025-06-18T07:41:35.142+0530] {dag.py:3096} INFO - Sync 1 DAGs
[2025-06-18T07:41:35.219+0530] {logging_mixin.py:188} INFO - [2025-06-18T07:41:35.217+0530] {dag.py:3954} INFO - Setting next_dagrun for hello_world to None, run_after=None
[2025-06-18T07:41:35.435+0530] {processor.py:183} INFO - Processing /mnt/c/Users/HP/Documents/airflow/dags/hello_world.py took 0.532 seconds
[2025-06-18T07:42:05.840+0530] {processor.py:161} INFO - Started process (PID=1735) to work on /mnt/c/Users/HP/Documents/airflow/dags/hello_world.py
[2025-06-18T07:42:05.843+0530] {processor.py:830} INFO - Processing file /mnt/c/Users/HP/Documents/airflow/dags/hello_world.py for tasks to queue
[2025-06-18T07:42:05.846+0530] {logging_mixin.py:188} INFO - [2025-06-18T07:42:05.846+0530] {dagbag.py:540} INFO - Filling up the DagBag from /mnt/c/Users/HP/Documents/airflow/dags/hello_world.py
[2025-06-18T07:42:05.886+0530] {processor.py:840} INFO - DAG(s) 'hello_world' retrieved from /mnt/c/Users/HP/Documents/airflow/dags/hello_world.py
[2025-06-18T07:42:05.937+0530] {logging_mixin.py:188} INFO - [2025-06-18T07:42:05.937+0530] {dag.py:3096} INFO - Sync 1 DAGs
[2025-06-18T07:42:05.964+0530] {logging_mixin.py:188} INFO - [2025-06-18T07:42:05.964+0530] {dag.py:3954} INFO - Setting next_dagrun for hello_world to None, run_after=None
[2025-06-18T07:42:06.063+0530] {processor.py:183} INFO - Processing /mnt/c/Users/HP/Documents/airflow/dags/hello_world.py took 0.235 seconds
[2025-06-18T07:42:36.384+0530] {processor.py:161} INFO - Started process (PID=1745) to work on /mnt/c/Users/HP/Documents/airflow/dags/hello_world.py
[2025-06-18T07:42:36.389+0530] {processor.py:830} INFO - Processing file /mnt/c/Users/HP/Documents/airflow/dags/hello_world.py for tasks to queue
[2025-06-18T07:42:36.395+0530] {logging_mixin.py:188} INFO - [2025-06-18T07:42:36.394+0530] {dagbag.py:540} INFO - Filling up the DagBag from /mnt/c/Users/HP/Documents/airflow/dags/hello_world.py
[2025-06-18T07:42:36.471+0530] {processor.py:840} INFO - DAG(s) 'hello_world' retrieved from /mnt/c/Users/HP/Documents/airflow/dags/hello_world.py
[2025-06-18T07:42:36.578+0530] {logging_mixin.py:188} INFO - [2025-06-18T07:42:36.577+0530] {dag.py:3096} INFO - Sync 1 DAGs
[2025-06-18T07:42:36.609+0530] {logging_mixin.py:188} INFO - [2025-06-18T07:42:36.609+0530] {dag.py:3954} INFO - Setting next_dagrun for hello_world to None, run_after=None
[2025-06-18T07:42:36.713+0530] {processor.py:183} INFO - Processing /mnt/c/Users/HP/Documents/airflow/dags/hello_world.py took 0.345 seconds
[2025-06-18T07:43:07.257+0530] {processor.py:161} INFO - Started process (PID=1748) to work on /mnt/c/Users/HP/Documents/airflow/dags/hello_world.py
[2025-06-18T07:43:07.258+0530] {processor.py:830} INFO - Processing file /mnt/c/Users/HP/Documents/airflow/dags/hello_world.py for tasks to queue
[2025-06-18T07:43:07.261+0530] {logging_mixin.py:188} INFO - [2025-06-18T07:43:07.260+0530] {dagbag.py:540} INFO - Filling up the DagBag from /mnt/c/Users/HP/Documents/airflow/dags/hello_world.py
[2025-06-18T07:43:07.296+0530] {processor.py:840} INFO - DAG(s) 'hello_world' retrieved from /mnt/c/Users/HP/Documents/airflow/dags/hello_world.py
[2025-06-18T07:43:07.345+0530] {logging_mixin.py:188} INFO - [2025-06-18T07:43:07.345+0530] {dag.py:3096} INFO - Sync 1 DAGs
[2025-06-18T07:43:07.370+0530] {logging_mixin.py:188} INFO - [2025-06-18T07:43:07.369+0530] {dag.py:3954} INFO - Setting next_dagrun for hello_world to None, run_after=None
[2025-06-18T07:43:07.471+0530] {processor.py:183} INFO - Processing /mnt/c/Users/HP/Documents/airflow/dags/hello_world.py took 0.224 seconds
[2025-06-18T07:43:37.814+0530] {processor.py:161} INFO - Started process (PID=1761) to work on /mnt/c/Users/HP/Documents/airflow/dags/hello_world.py
[2025-06-18T07:43:37.816+0530] {processor.py:830} INFO - Processing file /mnt/c/Users/HP/Documents/airflow/dags/hello_world.py for tasks to queue
[2025-06-18T07:43:37.820+0530] {logging_mixin.py:188} INFO - [2025-06-18T07:43:37.819+0530] {dagbag.py:540} INFO - Filling up the DagBag from /mnt/c/Users/HP/Documents/airflow/dags/hello_world.py
[2025-06-18T07:43:37.856+0530] {processor.py:840} INFO - DAG(s) 'hello_world' retrieved from /mnt/c/Users/HP/Documents/airflow/dags/hello_world.py
[2025-06-18T07:43:37.901+0530] {logging_mixin.py:188} INFO - [2025-06-18T07:43:37.901+0530] {dag.py:3096} INFO - Sync 1 DAGs
[2025-06-18T07:43:37.920+0530] {logging_mixin.py:188} INFO - [2025-06-18T07:43:37.920+0530] {dag.py:3954} INFO - Setting next_dagrun for hello_world to None, run_after=None
[2025-06-18T07:43:38.016+0530] {processor.py:183} INFO - Processing /mnt/c/Users/HP/Documents/airflow/dags/hello_world.py took 0.212 seconds
[2025-06-18T07:44:08.170+0530] {processor.py:161} INFO - Started process (PID=1762) to work on /mnt/c/Users/HP/Documents/airflow/dags/hello_world.py
[2025-06-18T07:44:08.174+0530] {processor.py:830} INFO - Processing file /mnt/c/Users/HP/Documents/airflow/dags/hello_world.py for tasks to queue
[2025-06-18T07:44:08.177+0530] {logging_mixin.py:188} INFO - [2025-06-18T07:44:08.176+0530] {dagbag.py:540} INFO - Filling up the DagBag from /mnt/c/Users/HP/Documents/airflow/dags/hello_world.py
[2025-06-18T07:44:08.252+0530] {processor.py:840} INFO - DAG(s) 'hello_world' retrieved from /mnt/c/Users/HP/Documents/airflow/dags/hello_world.py
[2025-06-18T07:44:08.325+0530] {logging_mixin.py:188} INFO - [2025-06-18T07:44:08.324+0530] {dag.py:3096} INFO - Sync 1 DAGs
[2025-06-18T07:44:08.360+0530] {logging_mixin.py:188} INFO - [2025-06-18T07:44:08.359+0530] {dag.py:3954} INFO - Setting next_dagrun for hello_world to None, run_after=None
[2025-06-18T07:44:08.485+0530] {processor.py:183} INFO - Processing /mnt/c/Users/HP/Documents/airflow/dags/hello_world.py took 0.324 seconds
[2025-06-18T07:44:38.929+0530] {processor.py:161} INFO - Started process (PID=1764) to work on /mnt/c/Users/HP/Documents/airflow/dags/hello_world.py
[2025-06-18T07:44:38.931+0530] {processor.py:830} INFO - Processing file /mnt/c/Users/HP/Documents/airflow/dags/hello_world.py for tasks to queue
[2025-06-18T07:44:38.934+0530] {logging_mixin.py:188} INFO - [2025-06-18T07:44:38.933+0530] {dagbag.py:540} INFO - Filling up the DagBag from /mnt/c/Users/HP/Documents/airflow/dags/hello_world.py
[2025-06-18T07:44:38.965+0530] {processor.py:840} INFO - DAG(s) 'hello_world' retrieved from /mnt/c/Users/HP/Documents/airflow/dags/hello_world.py
[2025-06-18T07:44:39.014+0530] {logging_mixin.py:188} INFO - [2025-06-18T07:44:39.014+0530] {dag.py:3096} INFO - Sync 1 DAGs
[2025-06-18T07:44:39.043+0530] {logging_mixin.py:188} INFO - [2025-06-18T07:44:39.042+0530] {dag.py:3954} INFO - Setting next_dagrun for hello_world to None, run_after=None
[2025-06-18T07:44:39.150+0530] {processor.py:183} INFO - Processing /mnt/c/Users/HP/Documents/airflow/dags/hello_world.py took 0.227 seconds
[2025-06-18T07:45:09.274+0530] {processor.py:161} INFO - Started process (PID=1769) to work on /mnt/c/Users/HP/Documents/airflow/dags/hello_world.py
[2025-06-18T07:45:09.277+0530] {processor.py:830} INFO - Processing file /mnt/c/Users/HP/Documents/airflow/dags/hello_world.py for tasks to queue
[2025-06-18T07:45:09.279+0530] {logging_mixin.py:188} INFO - [2025-06-18T07:45:09.279+0530] {dagbag.py:540} INFO - Filling up the DagBag from /mnt/c/Users/HP/Documents/airflow/dags/hello_world.py
[2025-06-18T07:45:09.306+0530] {processor.py:840} INFO - DAG(s) 'hello_world' retrieved from /mnt/c/Users/HP/Documents/airflow/dags/hello_world.py
[2025-06-18T07:45:09.338+0530] {logging_mixin.py:188} INFO - [2025-06-18T07:45:09.338+0530] {dag.py:3096} INFO - Sync 1 DAGs
[2025-06-18T07:45:09.355+0530] {logging_mixin.py:188} INFO - [2025-06-18T07:45:09.354+0530] {dag.py:3954} INFO - Setting next_dagrun for hello_world to None, run_after=None
[2025-06-18T07:45:09.428+0530] {processor.py:183} INFO - Processing /mnt/c/Users/HP/Documents/airflow/dags/hello_world.py took 0.163 seconds
[2025-06-18T07:45:39.673+0530] {processor.py:161} INFO - Started process (PID=1783) to work on /mnt/c/Users/HP/Documents/airflow/dags/hello_world.py
[2025-06-18T07:45:39.674+0530] {processor.py:830} INFO - Processing file /mnt/c/Users/HP/Documents/airflow/dags/hello_world.py for tasks to queue
[2025-06-18T07:45:39.677+0530] {logging_mixin.py:188} INFO - [2025-06-18T07:45:39.676+0530] {dagbag.py:540} INFO - Filling up the DagBag from /mnt/c/Users/HP/Documents/airflow/dags/hello_world.py
[2025-06-18T07:45:39.707+0530] {processor.py:840} INFO - DAG(s) 'hello_world' retrieved from /mnt/c/Users/HP/Documents/airflow/dags/hello_world.py
[2025-06-18T07:45:39.746+0530] {logging_mixin.py:188} INFO - [2025-06-18T07:45:39.745+0530] {dag.py:3096} INFO - Sync 1 DAGs
[2025-06-18T07:45:39.766+0530] {logging_mixin.py:188} INFO - [2025-06-18T07:45:39.766+0530] {dag.py:3954} INFO - Setting next_dagrun for hello_world to None, run_after=None
[2025-06-18T07:45:39.875+0530] {processor.py:183} INFO - Processing /mnt/c/Users/HP/Documents/airflow/dags/hello_world.py took 0.209 seconds
[2025-06-18T07:46:10.250+0530] {processor.py:161} INFO - Started process (PID=1788) to work on /mnt/c/Users/HP/Documents/airflow/dags/hello_world.py
[2025-06-18T07:46:10.252+0530] {processor.py:830} INFO - Processing file /mnt/c/Users/HP/Documents/airflow/dags/hello_world.py for tasks to queue
[2025-06-18T07:46:10.255+0530] {logging_mixin.py:188} INFO - [2025-06-18T07:46:10.255+0530] {dagbag.py:540} INFO - Filling up the DagBag from /mnt/c/Users/HP/Documents/airflow/dags/hello_world.py
[2025-06-18T07:46:10.284+0530] {processor.py:840} INFO - DAG(s) 'hello_world' retrieved from /mnt/c/Users/HP/Documents/airflow/dags/hello_world.py
[2025-06-18T07:46:10.322+0530] {logging_mixin.py:188} INFO - [2025-06-18T07:46:10.321+0530] {dag.py:3096} INFO - Sync 1 DAGs
[2025-06-18T07:46:10.345+0530] {logging_mixin.py:188} INFO - [2025-06-18T07:46:10.345+0530] {dag.py:3954} INFO - Setting next_dagrun for hello_world to None, run_after=None
[2025-06-18T07:46:10.469+0530] {processor.py:183} INFO - Processing /mnt/c/Users/HP/Documents/airflow/dags/hello_world.py took 0.226 seconds
[2025-06-18T07:46:43.289+0530] {processor.py:161} INFO - Started process (PID=1803) to work on /mnt/c/Users/HP/Documents/airflow/dags/hello_world.py
[2025-06-18T07:46:43.291+0530] {processor.py:830} INFO - Processing file /mnt/c/Users/HP/Documents/airflow/dags/hello_world.py for tasks to queue
[2025-06-18T07:46:43.295+0530] {logging_mixin.py:188} INFO - [2025-06-18T07:46:43.294+0530] {dagbag.py:540} INFO - Filling up the DagBag from /mnt/c/Users/HP/Documents/airflow/dags/hello_world.py
[2025-06-18T07:46:43.325+0530] {processor.py:840} INFO - DAG(s) 'hello_world' retrieved from /mnt/c/Users/HP/Documents/airflow/dags/hello_world.py
[2025-06-18T07:46:43.362+0530] {logging_mixin.py:188} INFO - [2025-06-18T07:46:43.361+0530] {dag.py:3096} INFO - Sync 1 DAGs
[2025-06-18T07:46:43.385+0530] {logging_mixin.py:188} INFO - [2025-06-18T07:46:43.384+0530] {dag.py:3954} INFO - Setting next_dagrun for hello_world to None, run_after=None
[2025-06-18T07:46:43.472+0530] {processor.py:183} INFO - Processing /mnt/c/Users/HP/Documents/airflow/dags/hello_world.py took 0.190 seconds
[2025-06-18T07:47:14.705+0530] {processor.py:161} INFO - Started process (PID=1816) to work on /mnt/c/Users/HP/Documents/airflow/dags/hello_world.py
[2025-06-18T07:47:14.707+0530] {processor.py:830} INFO - Processing file /mnt/c/Users/HP/Documents/airflow/dags/hello_world.py for tasks to queue
[2025-06-18T07:47:14.710+0530] {logging_mixin.py:188} INFO - [2025-06-18T07:47:14.709+0530] {dagbag.py:540} INFO - Filling up the DagBag from /mnt/c/Users/HP/Documents/airflow/dags/hello_world.py
[2025-06-18T07:47:14.743+0530] {processor.py:840} INFO - DAG(s) 'hello_world' retrieved from /mnt/c/Users/HP/Documents/airflow/dags/hello_world.py
[2025-06-18T07:47:14.783+0530] {logging_mixin.py:188} INFO - [2025-06-18T07:47:14.783+0530] {dag.py:3096} INFO - Sync 1 DAGs
[2025-06-18T07:47:14.803+0530] {logging_mixin.py:188} INFO - [2025-06-18T07:47:14.802+0530] {dag.py:3954} INFO - Setting next_dagrun for hello_world to None, run_after=None
[2025-06-18T07:47:14.900+0530] {processor.py:183} INFO - Processing /mnt/c/Users/HP/Documents/airflow/dags/hello_world.py took 0.203 seconds
[2025-06-18T07:47:45.134+0530] {processor.py:161} INFO - Started process (PID=1825) to work on /mnt/c/Users/HP/Documents/airflow/dags/hello_world.py
[2025-06-18T07:47:45.136+0530] {processor.py:830} INFO - Processing file /mnt/c/Users/HP/Documents/airflow/dags/hello_world.py for tasks to queue
[2025-06-18T07:47:45.140+0530] {logging_mixin.py:188} INFO - [2025-06-18T07:47:45.139+0530] {dagbag.py:540} INFO - Filling up the DagBag from /mnt/c/Users/HP/Documents/airflow/dags/hello_world.py
[2025-06-18T07:47:45.183+0530] {processor.py:840} INFO - DAG(s) 'hello_world' retrieved from /mnt/c/Users/HP/Documents/airflow/dags/hello_world.py
[2025-06-18T07:47:45.230+0530] {logging_mixin.py:188} INFO - [2025-06-18T07:47:45.230+0530] {dag.py:3096} INFO - Sync 1 DAGs
[2025-06-18T07:47:45.250+0530] {logging_mixin.py:188} INFO - [2025-06-18T07:47:45.249+0530] {dag.py:3954} INFO - Setting next_dagrun for hello_world to None, run_after=None
[2025-06-18T07:47:45.369+0530] {processor.py:183} INFO - Processing /mnt/c/Users/HP/Documents/airflow/dags/hello_world.py took 0.248 seconds
[2025-06-18T07:48:15.744+0530] {processor.py:161} INFO - Started process (PID=1833) to work on /mnt/c/Users/HP/Documents/airflow/dags/hello_world.py
[2025-06-18T07:48:15.746+0530] {processor.py:830} INFO - Processing file /mnt/c/Users/HP/Documents/airflow/dags/hello_world.py for tasks to queue
[2025-06-18T07:48:15.749+0530] {logging_mixin.py:188} INFO - [2025-06-18T07:48:15.748+0530] {dagbag.py:540} INFO - Filling up the DagBag from /mnt/c/Users/HP/Documents/airflow/dags/hello_world.py
[2025-06-18T07:48:15.779+0530] {processor.py:840} INFO - DAG(s) 'hello_world' retrieved from /mnt/c/Users/HP/Documents/airflow/dags/hello_world.py
[2025-06-18T07:48:15.818+0530] {logging_mixin.py:188} INFO - [2025-06-18T07:48:15.818+0530] {dag.py:3096} INFO - Sync 1 DAGs
[2025-06-18T07:48:15.837+0530] {logging_mixin.py:188} INFO - [2025-06-18T07:48:15.837+0530] {dag.py:3954} INFO - Setting next_dagrun for hello_world to None, run_after=None
[2025-06-18T07:48:15.925+0530] {processor.py:183} INFO - Processing /mnt/c/Users/HP/Documents/airflow/dags/hello_world.py took 0.187 seconds
[2025-06-18T07:48:46.810+0530] {processor.py:161} INFO - Started process (PID=1838) to work on /mnt/c/Users/HP/Documents/airflow/dags/hello_world.py
[2025-06-18T07:48:46.811+0530] {processor.py:830} INFO - Processing file /mnt/c/Users/HP/Documents/airflow/dags/hello_world.py for tasks to queue
[2025-06-18T07:48:46.813+0530] {logging_mixin.py:188} INFO - [2025-06-18T07:48:46.813+0530] {dagbag.py:540} INFO - Filling up the DagBag from /mnt/c/Users/HP/Documents/airflow/dags/hello_world.py
[2025-06-18T07:48:46.844+0530] {processor.py:840} INFO - DAG(s) 'hello_world' retrieved from /mnt/c/Users/HP/Documents/airflow/dags/hello_world.py
[2025-06-18T07:48:46.879+0530] {logging_mixin.py:188} INFO - [2025-06-18T07:48:46.879+0530] {dag.py:3096} INFO - Sync 1 DAGs
[2025-06-18T07:48:46.900+0530] {logging_mixin.py:188} INFO - [2025-06-18T07:48:46.900+0530] {dag.py:3954} INFO - Setting next_dagrun for hello_world to None, run_after=None
[2025-06-18T07:48:46.987+0530] {processor.py:183} INFO - Processing /mnt/c/Users/HP/Documents/airflow/dags/hello_world.py took 0.184 seconds
[2025-06-18T07:49:17.922+0530] {processor.py:161} INFO - Started process (PID=1842) to work on /mnt/c/Users/HP/Documents/airflow/dags/hello_world.py
[2025-06-18T07:49:17.923+0530] {processor.py:830} INFO - Processing file /mnt/c/Users/HP/Documents/airflow/dags/hello_world.py for tasks to queue
[2025-06-18T07:49:17.925+0530] {logging_mixin.py:188} INFO - [2025-06-18T07:49:17.925+0530] {dagbag.py:540} INFO - Filling up the DagBag from /mnt/c/Users/HP/Documents/airflow/dags/hello_world.py
[2025-06-18T07:49:17.956+0530] {processor.py:840} INFO - DAG(s) 'hello_world' retrieved from /mnt/c/Users/HP/Documents/airflow/dags/hello_world.py
[2025-06-18T07:49:17.990+0530] {logging_mixin.py:188} INFO - [2025-06-18T07:49:17.990+0530] {dag.py:3096} INFO - Sync 1 DAGs
[2025-06-18T07:49:18.006+0530] {logging_mixin.py:188} INFO - [2025-06-18T07:49:18.006+0530] {dag.py:3954} INFO - Setting next_dagrun for hello_world to None, run_after=None
[2025-06-18T07:49:18.092+0530] {processor.py:183} INFO - Processing /mnt/c/Users/HP/Documents/airflow/dags/hello_world.py took 0.176 seconds
[2025-06-18T07:49:48.669+0530] {processor.py:161} INFO - Started process (PID=1845) to work on /mnt/c/Users/HP/Documents/airflow/dags/hello_world.py
[2025-06-18T07:49:48.674+0530] {processor.py:830} INFO - Processing file /mnt/c/Users/HP/Documents/airflow/dags/hello_world.py for tasks to queue
[2025-06-18T07:49:48.681+0530] {logging_mixin.py:188} INFO - [2025-06-18T07:49:48.679+0530] {dagbag.py:540} INFO - Filling up the DagBag from /mnt/c/Users/HP/Documents/airflow/dags/hello_world.py
[2025-06-18T07:49:48.721+0530] {processor.py:840} INFO - DAG(s) 'hello_world' retrieved from /mnt/c/Users/HP/Documents/airflow/dags/hello_world.py
[2025-06-18T07:49:48.775+0530] {logging_mixin.py:188} INFO - [2025-06-18T07:49:48.775+0530] {dag.py:3096} INFO - Sync 1 DAGs
[2025-06-18T07:49:48.794+0530] {logging_mixin.py:188} INFO - [2025-06-18T07:49:48.793+0530] {dag.py:3954} INFO - Setting next_dagrun for hello_world to None, run_after=None
[2025-06-18T07:49:48.884+0530] {processor.py:183} INFO - Processing /mnt/c/Users/HP/Documents/airflow/dags/hello_world.py took 0.225 seconds
[2025-06-18T07:50:19.233+0530] {processor.py:161} INFO - Started process (PID=1852) to work on /mnt/c/Users/HP/Documents/airflow/dags/hello_world.py
[2025-06-18T07:50:19.235+0530] {processor.py:830} INFO - Processing file /mnt/c/Users/HP/Documents/airflow/dags/hello_world.py for tasks to queue
[2025-06-18T07:50:19.238+0530] {logging_mixin.py:188} INFO - [2025-06-18T07:50:19.238+0530] {dagbag.py:540} INFO - Filling up the DagBag from /mnt/c/Users/HP/Documents/airflow/dags/hello_world.py
[2025-06-18T07:50:19.265+0530] {processor.py:840} INFO - DAG(s) 'hello_world' retrieved from /mnt/c/Users/HP/Documents/airflow/dags/hello_world.py
[2025-06-18T07:50:19.300+0530] {logging_mixin.py:188} INFO - [2025-06-18T07:50:19.300+0530] {dag.py:3096} INFO - Sync 1 DAGs
[2025-06-18T07:50:19.317+0530] {logging_mixin.py:188} INFO - [2025-06-18T07:50:19.317+0530] {dag.py:3954} INFO - Setting next_dagrun for hello_world to None, run_after=None
[2025-06-18T07:50:19.400+0530] {processor.py:183} INFO - Processing /mnt/c/Users/HP/Documents/airflow/dags/hello_world.py took 0.174 seconds
[2025-06-18T07:50:49.782+0530] {processor.py:161} INFO - Started process (PID=1855) to work on /mnt/c/Users/HP/Documents/airflow/dags/hello_world.py
[2025-06-18T07:50:49.785+0530] {processor.py:830} INFO - Processing file /mnt/c/Users/HP/Documents/airflow/dags/hello_world.py for tasks to queue
[2025-06-18T07:50:49.788+0530] {logging_mixin.py:188} INFO - [2025-06-18T07:50:49.788+0530] {dagbag.py:540} INFO - Filling up the DagBag from /mnt/c/Users/HP/Documents/airflow/dags/hello_world.py
[2025-06-18T07:50:49.869+0530] {processor.py:840} INFO - DAG(s) 'hello_world' retrieved from /mnt/c/Users/HP/Documents/airflow/dags/hello_world.py
[2025-06-18T07:50:49.999+0530] {logging_mixin.py:188} INFO - [2025-06-18T07:50:49.998+0530] {dag.py:3096} INFO - Sync 1 DAGs
[2025-06-18T07:50:50.025+0530] {logging_mixin.py:188} INFO - [2025-06-18T07:50:50.024+0530] {dag.py:3954} INFO - Setting next_dagrun for hello_world to None, run_after=None
[2025-06-18T07:50:50.282+0530] {processor.py:183} INFO - Processing /mnt/c/Users/HP/Documents/airflow/dags/hello_world.py took 0.511 seconds
[2025-06-18T07:51:20.944+0530] {processor.py:161} INFO - Started process (PID=1856) to work on /mnt/c/Users/HP/Documents/airflow/dags/hello_world.py
[2025-06-18T07:51:20.946+0530] {processor.py:830} INFO - Processing file /mnt/c/Users/HP/Documents/airflow/dags/hello_world.py for tasks to queue
[2025-06-18T07:51:20.948+0530] {logging_mixin.py:188} INFO - [2025-06-18T07:51:20.948+0530] {dagbag.py:540} INFO - Filling up the DagBag from /mnt/c/Users/HP/Documents/airflow/dags/hello_world.py
[2025-06-18T07:51:21.038+0530] {processor.py:840} INFO - DAG(s) 'hello_world' retrieved from /mnt/c/Users/HP/Documents/airflow/dags/hello_world.py
[2025-06-18T07:51:21.114+0530] {logging_mixin.py:188} INFO - [2025-06-18T07:51:21.113+0530] {dag.py:3096} INFO - Sync 1 DAGs
[2025-06-18T07:51:21.142+0530] {logging_mixin.py:188} INFO - [2025-06-18T07:51:21.142+0530] {dag.py:3954} INFO - Setting next_dagrun for hello_world to None, run_after=None
[2025-06-18T07:51:21.306+0530] {processor.py:183} INFO - Processing /mnt/c/Users/HP/Documents/airflow/dags/hello_world.py took 0.371 seconds
[2025-06-18T07:51:52.043+0530] {processor.py:161} INFO - Started process (PID=1857) to work on /mnt/c/Users/HP/Documents/airflow/dags/hello_world.py
[2025-06-18T07:51:52.063+0530] {processor.py:830} INFO - Processing file /mnt/c/Users/HP/Documents/airflow/dags/hello_world.py for tasks to queue
[2025-06-18T07:51:52.066+0530] {logging_mixin.py:188} INFO - [2025-06-18T07:51:52.065+0530] {dagbag.py:540} INFO - Filling up the DagBag from /mnt/c/Users/HP/Documents/airflow/dags/hello_world.py
[2025-06-18T07:51:52.105+0530] {processor.py:840} INFO - DAG(s) 'hello_world' retrieved from /mnt/c/Users/HP/Documents/airflow/dags/hello_world.py
[2025-06-18T07:51:52.169+0530] {logging_mixin.py:188} INFO - [2025-06-18T07:51:52.168+0530] {dag.py:3096} INFO - Sync 1 DAGs
[2025-06-18T07:51:52.203+0530] {logging_mixin.py:188} INFO - [2025-06-18T07:51:52.202+0530] {dag.py:3954} INFO - Setting next_dagrun for hello_world to None, run_after=None
[2025-06-18T07:51:52.446+0530] {processor.py:183} INFO - Processing /mnt/c/Users/HP/Documents/airflow/dags/hello_world.py took 0.453 seconds
[2025-06-18T07:52:23.036+0530] {processor.py:161} INFO - Started process (PID=1858) to work on /mnt/c/Users/HP/Documents/airflow/dags/hello_world.py
[2025-06-18T07:52:23.038+0530] {processor.py:830} INFO - Processing file /mnt/c/Users/HP/Documents/airflow/dags/hello_world.py for tasks to queue
[2025-06-18T07:52:23.043+0530] {logging_mixin.py:188} INFO - [2025-06-18T07:52:23.043+0530] {dagbag.py:540} INFO - Filling up the DagBag from /mnt/c/Users/HP/Documents/airflow/dags/hello_world.py
[2025-06-18T07:52:23.100+0530] {processor.py:840} INFO - DAG(s) 'hello_world' retrieved from /mnt/c/Users/HP/Documents/airflow/dags/hello_world.py
[2025-06-18T07:52:23.211+0530] {logging_mixin.py:188} INFO - [2025-06-18T07:52:23.210+0530] {dag.py:3096} INFO - Sync 1 DAGs
[2025-06-18T07:52:23.235+0530] {logging_mixin.py:188} INFO - [2025-06-18T07:52:23.235+0530] {dag.py:3954} INFO - Setting next_dagrun for hello_world to None, run_after=None
[2025-06-18T07:52:23.491+0530] {processor.py:183} INFO - Processing /mnt/c/Users/HP/Documents/airflow/dags/hello_world.py took 0.464 seconds
[2025-06-18T07:52:54.046+0530] {processor.py:161} INFO - Started process (PID=1859) to work on /mnt/c/Users/HP/Documents/airflow/dags/hello_world.py
[2025-06-18T07:52:54.048+0530] {processor.py:830} INFO - Processing file /mnt/c/Users/HP/Documents/airflow/dags/hello_world.py for tasks to queue
[2025-06-18T07:52:54.051+0530] {logging_mixin.py:188} INFO - [2025-06-18T07:52:54.050+0530] {dagbag.py:540} INFO - Filling up the DagBag from /mnt/c/Users/HP/Documents/airflow/dags/hello_world.py
[2025-06-18T07:52:54.085+0530] {processor.py:840} INFO - DAG(s) 'hello_world' retrieved from /mnt/c/Users/HP/Documents/airflow/dags/hello_world.py
[2025-06-18T07:52:54.129+0530] {logging_mixin.py:188} INFO - [2025-06-18T07:52:54.128+0530] {dag.py:3096} INFO - Sync 1 DAGs
[2025-06-18T07:52:54.148+0530] {logging_mixin.py:188} INFO - [2025-06-18T07:52:54.148+0530] {dag.py:3954} INFO - Setting next_dagrun for hello_world to None, run_after=None
[2025-06-18T07:52:54.268+0530] {processor.py:183} INFO - Processing /mnt/c/Users/HP/Documents/airflow/dags/hello_world.py took 0.229 seconds
[2025-06-18T07:53:24.512+0530] {processor.py:161} INFO - Started process (PID=1860) to work on /mnt/c/Users/HP/Documents/airflow/dags/hello_world.py
[2025-06-18T07:53:24.514+0530] {processor.py:830} INFO - Processing file /mnt/c/Users/HP/Documents/airflow/dags/hello_world.py for tasks to queue
[2025-06-18T07:53:24.517+0530] {logging_mixin.py:188} INFO - [2025-06-18T07:53:24.517+0530] {dagbag.py:540} INFO - Filling up the DagBag from /mnt/c/Users/HP/Documents/airflow/dags/hello_world.py
[2025-06-18T07:53:24.570+0530] {processor.py:840} INFO - DAG(s) 'hello_world' retrieved from /mnt/c/Users/HP/Documents/airflow/dags/hello_world.py
[2025-06-18T07:53:24.632+0530] {logging_mixin.py:188} INFO - [2025-06-18T07:53:24.632+0530] {dag.py:3096} INFO - Sync 1 DAGs
[2025-06-18T07:53:24.659+0530] {logging_mixin.py:188} INFO - [2025-06-18T07:53:24.659+0530] {dag.py:3954} INFO - Setting next_dagrun for hello_world to None, run_after=None
[2025-06-18T07:53:24.798+0530] {processor.py:183} INFO - Processing /mnt/c/Users/HP/Documents/airflow/dags/hello_world.py took 0.304 seconds
[2025-06-18T07:53:55.183+0530] {processor.py:161} INFO - Started process (PID=1861) to work on /mnt/c/Users/HP/Documents/airflow/dags/hello_world.py
[2025-06-18T07:53:55.185+0530] {processor.py:830} INFO - Processing file /mnt/c/Users/HP/Documents/airflow/dags/hello_world.py for tasks to queue
[2025-06-18T07:53:55.187+0530] {logging_mixin.py:188} INFO - [2025-06-18T07:53:55.187+0530] {dagbag.py:540} INFO - Filling up the DagBag from /mnt/c/Users/HP/Documents/airflow/dags/hello_world.py
[2025-06-18T07:53:55.218+0530] {processor.py:840} INFO - DAG(s) 'hello_world' retrieved from /mnt/c/Users/HP/Documents/airflow/dags/hello_world.py
[2025-06-18T07:53:55.255+0530] {logging_mixin.py:188} INFO - [2025-06-18T07:53:55.255+0530] {dag.py:3096} INFO - Sync 1 DAGs
[2025-06-18T07:53:55.275+0530] {logging_mixin.py:188} INFO - [2025-06-18T07:53:55.275+0530] {dag.py:3954} INFO - Setting next_dagrun for hello_world to None, run_after=None
[2025-06-18T07:53:55.386+0530] {processor.py:183} INFO - Processing /mnt/c/Users/HP/Documents/airflow/dags/hello_world.py took 0.209 seconds
[2025-06-18T07:54:25.758+0530] {processor.py:161} INFO - Started process (PID=1863) to work on /mnt/c/Users/HP/Documents/airflow/dags/hello_world.py
[2025-06-18T07:54:25.760+0530] {processor.py:830} INFO - Processing file /mnt/c/Users/HP/Documents/airflow/dags/hello_world.py for tasks to queue
[2025-06-18T07:54:25.762+0530] {logging_mixin.py:188} INFO - [2025-06-18T07:54:25.761+0530] {dagbag.py:540} INFO - Filling up the DagBag from /mnt/c/Users/HP/Documents/airflow/dags/hello_world.py
[2025-06-18T07:54:25.793+0530] {processor.py:840} INFO - DAG(s) 'hello_world' retrieved from /mnt/c/Users/HP/Documents/airflow/dags/hello_world.py
[2025-06-18T07:54:25.829+0530] {logging_mixin.py:188} INFO - [2025-06-18T07:54:25.829+0530] {dag.py:3096} INFO - Sync 1 DAGs
[2025-06-18T07:54:25.849+0530] {logging_mixin.py:188} INFO - [2025-06-18T07:54:25.848+0530] {dag.py:3954} INFO - Setting next_dagrun for hello_world to None, run_after=None
[2025-06-18T07:54:25.955+0530] {processor.py:183} INFO - Processing /mnt/c/Users/HP/Documents/airflow/dags/hello_world.py took 0.203 seconds
[2025-06-18T07:54:56.204+0530] {processor.py:161} INFO - Started process (PID=1864) to work on /mnt/c/Users/HP/Documents/airflow/dags/hello_world.py
[2025-06-18T07:54:56.205+0530] {processor.py:830} INFO - Processing file /mnt/c/Users/HP/Documents/airflow/dags/hello_world.py for tasks to queue
[2025-06-18T07:54:56.208+0530] {logging_mixin.py:188} INFO - [2025-06-18T07:54:56.208+0530] {dagbag.py:540} INFO - Filling up the DagBag from /mnt/c/Users/HP/Documents/airflow/dags/hello_world.py
[2025-06-18T07:54:56.249+0530] {processor.py:840} INFO - DAG(s) 'hello_world' retrieved from /mnt/c/Users/HP/Documents/airflow/dags/hello_world.py
[2025-06-18T07:54:56.288+0530] {logging_mixin.py:188} INFO - [2025-06-18T07:54:56.288+0530] {dag.py:3096} INFO - Sync 1 DAGs
[2025-06-18T07:54:56.308+0530] {logging_mixin.py:188} INFO - [2025-06-18T07:54:56.307+0530] {dag.py:3954} INFO - Setting next_dagrun for hello_world to None, run_after=None
[2025-06-18T07:54:56.423+0530] {processor.py:183} INFO - Processing /mnt/c/Users/HP/Documents/airflow/dags/hello_world.py took 0.229 seconds
[2025-06-18T07:55:26.869+0530] {processor.py:161} INFO - Started process (PID=1865) to work on /mnt/c/Users/HP/Documents/airflow/dags/hello_world.py
[2025-06-18T07:55:26.870+0530] {processor.py:830} INFO - Processing file /mnt/c/Users/HP/Documents/airflow/dags/hello_world.py for tasks to queue
[2025-06-18T07:55:26.873+0530] {logging_mixin.py:188} INFO - [2025-06-18T07:55:26.872+0530] {dagbag.py:540} INFO - Filling up the DagBag from /mnt/c/Users/HP/Documents/airflow/dags/hello_world.py
[2025-06-18T07:55:26.918+0530] {processor.py:840} INFO - DAG(s) 'hello_world' retrieved from /mnt/c/Users/HP/Documents/airflow/dags/hello_world.py
[2025-06-18T07:55:26.968+0530] {logging_mixin.py:188} INFO - [2025-06-18T07:55:26.967+0530] {dag.py:3096} INFO - Sync 1 DAGs
[2025-06-18T07:55:26.988+0530] {logging_mixin.py:188} INFO - [2025-06-18T07:55:26.988+0530] {dag.py:3954} INFO - Setting next_dagrun for hello_world to None, run_after=None
[2025-06-18T07:55:27.090+0530] {processor.py:183} INFO - Processing /mnt/c/Users/HP/Documents/airflow/dags/hello_world.py took 0.230 seconds
[2025-06-18T07:55:57.524+0530] {processor.py:161} INFO - Started process (PID=1866) to work on /mnt/c/Users/HP/Documents/airflow/dags/hello_world.py
[2025-06-18T07:55:57.526+0530] {processor.py:830} INFO - Processing file /mnt/c/Users/HP/Documents/airflow/dags/hello_world.py for tasks to queue
[2025-06-18T07:55:57.533+0530] {logging_mixin.py:188} INFO - [2025-06-18T07:55:57.531+0530] {dagbag.py:540} INFO - Filling up the DagBag from /mnt/c/Users/HP/Documents/airflow/dags/hello_world.py
[2025-06-18T07:55:57.581+0530] {processor.py:840} INFO - DAG(s) 'hello_world' retrieved from /mnt/c/Users/HP/Documents/airflow/dags/hello_world.py
[2025-06-18T07:55:57.683+0530] {logging_mixin.py:188} INFO - [2025-06-18T07:55:57.683+0530] {dag.py:3096} INFO - Sync 1 DAGs
[2025-06-18T07:55:57.717+0530] {logging_mixin.py:188} INFO - [2025-06-18T07:55:57.716+0530] {dag.py:3954} INFO - Setting next_dagrun for hello_world to None, run_after=None
[2025-06-18T07:55:57.838+0530] {processor.py:183} INFO - Processing /mnt/c/Users/HP/Documents/airflow/dags/hello_world.py took 0.330 seconds
[2025-06-18T07:56:28.215+0530] {processor.py:161} INFO - Started process (PID=1867) to work on /mnt/c/Users/HP/Documents/airflow/dags/hello_world.py
[2025-06-18T07:56:28.216+0530] {processor.py:830} INFO - Processing file /mnt/c/Users/HP/Documents/airflow/dags/hello_world.py for tasks to queue
[2025-06-18T07:56:28.220+0530] {logging_mixin.py:188} INFO - [2025-06-18T07:56:28.219+0530] {dagbag.py:540} INFO - Filling up the DagBag from /mnt/c/Users/HP/Documents/airflow/dags/hello_world.py
[2025-06-18T07:56:28.251+0530] {processor.py:840} INFO - DAG(s) 'hello_world' retrieved from /mnt/c/Users/HP/Documents/airflow/dags/hello_world.py
[2025-06-18T07:56:28.290+0530] {logging_mixin.py:188} INFO - [2025-06-18T07:56:28.290+0530] {dag.py:3096} INFO - Sync 1 DAGs
[2025-06-18T07:56:28.313+0530] {logging_mixin.py:188} INFO - [2025-06-18T07:56:28.313+0530] {dag.py:3954} INFO - Setting next_dagrun for hello_world to None, run_after=None
[2025-06-18T07:56:28.414+0530] {processor.py:183} INFO - Processing /mnt/c/Users/HP/Documents/airflow/dags/hello_world.py took 0.208 seconds
[2025-06-18T07:56:58.829+0530] {processor.py:161} INFO - Started process (PID=1868) to work on /mnt/c/Users/HP/Documents/airflow/dags/hello_world.py
[2025-06-18T07:56:58.830+0530] {processor.py:830} INFO - Processing file /mnt/c/Users/HP/Documents/airflow/dags/hello_world.py for tasks to queue
[2025-06-18T07:56:58.833+0530] {logging_mixin.py:188} INFO - [2025-06-18T07:56:58.832+0530] {dagbag.py:540} INFO - Filling up the DagBag from /mnt/c/Users/HP/Documents/airflow/dags/hello_world.py
[2025-06-18T07:56:58.865+0530] {processor.py:840} INFO - DAG(s) 'hello_world' retrieved from /mnt/c/Users/HP/Documents/airflow/dags/hello_world.py
[2025-06-18T07:56:58.907+0530] {logging_mixin.py:188} INFO - [2025-06-18T07:56:58.906+0530] {dag.py:3096} INFO - Sync 1 DAGs
[2025-06-18T07:56:58.930+0530] {logging_mixin.py:188} INFO - [2025-06-18T07:56:58.929+0530] {dag.py:3954} INFO - Setting next_dagrun for hello_world to None, run_after=None
[2025-06-18T07:56:59.070+0530] {processor.py:183} INFO - Processing /mnt/c/Users/HP/Documents/airflow/dags/hello_world.py took 0.250 seconds
[2025-06-18T07:57:29.403+0530] {processor.py:161} INFO - Started process (PID=1869) to work on /mnt/c/Users/HP/Documents/airflow/dags/hello_world.py
[2025-06-18T07:57:29.405+0530] {processor.py:830} INFO - Processing file /mnt/c/Users/HP/Documents/airflow/dags/hello_world.py for tasks to queue
[2025-06-18T07:57:29.408+0530] {logging_mixin.py:188} INFO - [2025-06-18T07:57:29.407+0530] {dagbag.py:540} INFO - Filling up the DagBag from /mnt/c/Users/HP/Documents/airflow/dags/hello_world.py
[2025-06-18T07:57:29.439+0530] {processor.py:840} INFO - DAG(s) 'hello_world' retrieved from /mnt/c/Users/HP/Documents/airflow/dags/hello_world.py
[2025-06-18T07:57:29.478+0530] {logging_mixin.py:188} INFO - [2025-06-18T07:57:29.478+0530] {dag.py:3096} INFO - Sync 1 DAGs
[2025-06-18T07:57:29.497+0530] {logging_mixin.py:188} INFO - [2025-06-18T07:57:29.496+0530] {dag.py:3954} INFO - Setting next_dagrun for hello_world to None, run_after=None
[2025-06-18T07:57:29.593+0530] {processor.py:183} INFO - Processing /mnt/c/Users/HP/Documents/airflow/dags/hello_world.py took 0.196 seconds
[2025-06-18T07:58:00.022+0530] {processor.py:161} INFO - Started process (PID=1870) to work on /mnt/c/Users/HP/Documents/airflow/dags/hello_world.py
[2025-06-18T07:58:00.024+0530] {processor.py:830} INFO - Processing file /mnt/c/Users/HP/Documents/airflow/dags/hello_world.py for tasks to queue
[2025-06-18T07:58:00.028+0530] {logging_mixin.py:188} INFO - [2025-06-18T07:58:00.027+0530] {dagbag.py:540} INFO - Filling up the DagBag from /mnt/c/Users/HP/Documents/airflow/dags/hello_world.py
[2025-06-18T07:58:00.062+0530] {processor.py:840} INFO - DAG(s) 'hello_world' retrieved from /mnt/c/Users/HP/Documents/airflow/dags/hello_world.py
[2025-06-18T07:58:00.102+0530] {logging_mixin.py:188} INFO - [2025-06-18T07:58:00.102+0530] {dag.py:3096} INFO - Sync 1 DAGs
[2025-06-18T07:58:00.121+0530] {logging_mixin.py:188} INFO - [2025-06-18T07:58:00.120+0530] {dag.py:3954} INFO - Setting next_dagrun for hello_world to None, run_after=None
[2025-06-18T07:58:00.216+0530] {processor.py:183} INFO - Processing /mnt/c/Users/HP/Documents/airflow/dags/hello_world.py took 0.203 seconds
[2025-06-18T07:58:30.594+0530] {processor.py:161} INFO - Started process (PID=1871) to work on /mnt/c/Users/HP/Documents/airflow/dags/hello_world.py
[2025-06-18T07:58:30.595+0530] {processor.py:830} INFO - Processing file /mnt/c/Users/HP/Documents/airflow/dags/hello_world.py for tasks to queue
[2025-06-18T07:58:30.597+0530] {logging_mixin.py:188} INFO - [2025-06-18T07:58:30.597+0530] {dagbag.py:540} INFO - Filling up the DagBag from /mnt/c/Users/HP/Documents/airflow/dags/hello_world.py
[2025-06-18T07:58:30.634+0530] {processor.py:840} INFO - DAG(s) 'hello_world' retrieved from /mnt/c/Users/HP/Documents/airflow/dags/hello_world.py
[2025-06-18T07:58:30.678+0530] {logging_mixin.py:188} INFO - [2025-06-18T07:58:30.678+0530] {dag.py:3096} INFO - Sync 1 DAGs
[2025-06-18T07:58:30.696+0530] {logging_mixin.py:188} INFO - [2025-06-18T07:58:30.695+0530] {dag.py:3954} INFO - Setting next_dagrun for hello_world to None, run_after=None
[2025-06-18T07:58:30.803+0530] {processor.py:183} INFO - Processing /mnt/c/Users/HP/Documents/airflow/dags/hello_world.py took 0.217 seconds
[2025-06-18T07:59:01.274+0530] {processor.py:161} INFO - Started process (PID=1872) to work on /mnt/c/Users/HP/Documents/airflow/dags/hello_world.py
[2025-06-18T07:59:01.277+0530] {processor.py:830} INFO - Processing file /mnt/c/Users/HP/Documents/airflow/dags/hello_world.py for tasks to queue
[2025-06-18T07:59:01.280+0530] {logging_mixin.py:188} INFO - [2025-06-18T07:59:01.279+0530] {dagbag.py:540} INFO - Filling up the DagBag from /mnt/c/Users/HP/Documents/airflow/dags/hello_world.py
[2025-06-18T07:59:01.315+0530] {processor.py:840} INFO - DAG(s) 'hello_world' retrieved from /mnt/c/Users/HP/Documents/airflow/dags/hello_world.py
[2025-06-18T07:59:01.366+0530] {logging_mixin.py:188} INFO - [2025-06-18T07:59:01.366+0530] {dag.py:3096} INFO - Sync 1 DAGs
[2025-06-18T07:59:01.392+0530] {logging_mixin.py:188} INFO - [2025-06-18T07:59:01.391+0530] {dag.py:3954} INFO - Setting next_dagrun for hello_world to None, run_after=None
[2025-06-18T07:59:01.506+0530] {processor.py:183} INFO - Processing /mnt/c/Users/HP/Documents/airflow/dags/hello_world.py took 0.242 seconds
[2025-06-18T07:59:31.843+0530] {processor.py:161} INFO - Started process (PID=1873) to work on /mnt/c/Users/HP/Documents/airflow/dags/hello_world.py
[2025-06-18T07:59:31.844+0530] {processor.py:830} INFO - Processing file /mnt/c/Users/HP/Documents/airflow/dags/hello_world.py for tasks to queue
[2025-06-18T07:59:31.847+0530] {logging_mixin.py:188} INFO - [2025-06-18T07:59:31.846+0530] {dagbag.py:540} INFO - Filling up the DagBag from /mnt/c/Users/HP/Documents/airflow/dags/hello_world.py
[2025-06-18T07:59:31.877+0530] {processor.py:840} INFO - DAG(s) 'hello_world' retrieved from /mnt/c/Users/HP/Documents/airflow/dags/hello_world.py
[2025-06-18T07:59:31.913+0530] {logging_mixin.py:188} INFO - [2025-06-18T07:59:31.913+0530] {dag.py:3096} INFO - Sync 1 DAGs
[2025-06-18T07:59:31.930+0530] {logging_mixin.py:188} INFO - [2025-06-18T07:59:31.930+0530] {dag.py:3954} INFO - Setting next_dagrun for hello_world to None, run_after=None
[2025-06-18T07:59:32.016+0530] {processor.py:183} INFO - Processing /mnt/c/Users/HP/Documents/airflow/dags/hello_world.py took 0.184 seconds
[2025-06-18T08:00:02.194+0530] {processor.py:161} INFO - Started process (PID=1874) to work on /mnt/c/Users/HP/Documents/airflow/dags/hello_world.py
[2025-06-18T08:00:02.195+0530] {processor.py:830} INFO - Processing file /mnt/c/Users/HP/Documents/airflow/dags/hello_world.py for tasks to queue
[2025-06-18T08:00:02.199+0530] {logging_mixin.py:188} INFO - [2025-06-18T08:00:02.199+0530] {dagbag.py:540} INFO - Filling up the DagBag from /mnt/c/Users/HP/Documents/airflow/dags/hello_world.py
[2025-06-18T08:00:02.234+0530] {processor.py:840} INFO - DAG(s) 'hello_world' retrieved from /mnt/c/Users/HP/Documents/airflow/dags/hello_world.py
[2025-06-18T08:00:02.277+0530] {logging_mixin.py:188} INFO - [2025-06-18T08:00:02.277+0530] {dag.py:3096} INFO - Sync 1 DAGs
[2025-06-18T08:00:02.302+0530] {logging_mixin.py:188} INFO - [2025-06-18T08:00:02.301+0530] {dag.py:3954} INFO - Setting next_dagrun for hello_world to None, run_after=None
[2025-06-18T08:00:02.409+0530] {processor.py:183} INFO - Processing /mnt/c/Users/HP/Documents/airflow/dags/hello_world.py took 0.222 seconds
[2025-06-18T08:00:32.780+0530] {processor.py:161} INFO - Started process (PID=1875) to work on /mnt/c/Users/HP/Documents/airflow/dags/hello_world.py
[2025-06-18T08:00:32.782+0530] {processor.py:830} INFO - Processing file /mnt/c/Users/HP/Documents/airflow/dags/hello_world.py for tasks to queue
[2025-06-18T08:00:32.784+0530] {logging_mixin.py:188} INFO - [2025-06-18T08:00:32.783+0530] {dagbag.py:540} INFO - Filling up the DagBag from /mnt/c/Users/HP/Documents/airflow/dags/hello_world.py
[2025-06-18T08:00:32.818+0530] {processor.py:840} INFO - DAG(s) 'hello_world' retrieved from /mnt/c/Users/HP/Documents/airflow/dags/hello_world.py
[2025-06-18T08:00:32.856+0530] {logging_mixin.py:188} INFO - [2025-06-18T08:00:32.856+0530] {dag.py:3096} INFO - Sync 1 DAGs
[2025-06-18T08:00:32.876+0530] {logging_mixin.py:188} INFO - [2025-06-18T08:00:32.876+0530] {dag.py:3954} INFO - Setting next_dagrun for hello_world to None, run_after=None
[2025-06-18T08:00:32.982+0530] {processor.py:183} INFO - Processing /mnt/c/Users/HP/Documents/airflow/dags/hello_world.py took 0.211 seconds
[2025-06-18T08:01:03.402+0530] {processor.py:161} INFO - Started process (PID=1876) to work on /mnt/c/Users/HP/Documents/airflow/dags/hello_world.py
[2025-06-18T08:01:03.403+0530] {processor.py:830} INFO - Processing file /mnt/c/Users/HP/Documents/airflow/dags/hello_world.py for tasks to queue
[2025-06-18T08:01:03.406+0530] {logging_mixin.py:188} INFO - [2025-06-18T08:01:03.406+0530] {dagbag.py:540} INFO - Filling up the DagBag from /mnt/c/Users/HP/Documents/airflow/dags/hello_world.py
[2025-06-18T08:01:03.460+0530] {processor.py:840} INFO - DAG(s) 'hello_world' retrieved from /mnt/c/Users/HP/Documents/airflow/dags/hello_world.py
[2025-06-18T08:01:03.515+0530] {logging_mixin.py:188} INFO - [2025-06-18T08:01:03.514+0530] {dag.py:3096} INFO - Sync 1 DAGs
[2025-06-18T08:01:03.553+0530] {logging_mixin.py:188} INFO - [2025-06-18T08:01:03.553+0530] {dag.py:3954} INFO - Setting next_dagrun for hello_world to None, run_after=None
[2025-06-18T08:01:03.648+0530] {processor.py:183} INFO - Processing /mnt/c/Users/HP/Documents/airflow/dags/hello_world.py took 0.258 seconds
[2025-06-18T08:01:33.995+0530] {processor.py:161} INFO - Started process (PID=1877) to work on /mnt/c/Users/HP/Documents/airflow/dags/hello_world.py
[2025-06-18T08:01:33.997+0530] {processor.py:830} INFO - Processing file /mnt/c/Users/HP/Documents/airflow/dags/hello_world.py for tasks to queue
[2025-06-18T08:01:34.000+0530] {logging_mixin.py:188} INFO - [2025-06-18T08:01:33.999+0530] {dagbag.py:540} INFO - Filling up the DagBag from /mnt/c/Users/HP/Documents/airflow/dags/hello_world.py
[2025-06-18T08:01:34.037+0530] {processor.py:840} INFO - DAG(s) 'hello_world' retrieved from /mnt/c/Users/HP/Documents/airflow/dags/hello_world.py
[2025-06-18T08:01:34.088+0530] {logging_mixin.py:188} INFO - [2025-06-18T08:01:34.088+0530] {dag.py:3096} INFO - Sync 1 DAGs
[2025-06-18T08:01:34.112+0530] {logging_mixin.py:188} INFO - [2025-06-18T08:01:34.112+0530] {dag.py:3954} INFO - Setting next_dagrun for hello_world to None, run_after=None
[2025-06-18T08:01:34.211+0530] {processor.py:183} INFO - Processing /mnt/c/Users/HP/Documents/airflow/dags/hello_world.py took 0.237 seconds
[2025-06-18T08:02:04.558+0530] {processor.py:161} INFO - Started process (PID=1878) to work on /mnt/c/Users/HP/Documents/airflow/dags/hello_world.py
[2025-06-18T08:02:04.560+0530] {processor.py:830} INFO - Processing file /mnt/c/Users/HP/Documents/airflow/dags/hello_world.py for tasks to queue
[2025-06-18T08:02:04.563+0530] {logging_mixin.py:188} INFO - [2025-06-18T08:02:04.562+0530] {dagbag.py:540} INFO - Filling up the DagBag from /mnt/c/Users/HP/Documents/airflow/dags/hello_world.py
[2025-06-18T08:02:04.612+0530] {processor.py:840} INFO - DAG(s) 'hello_world' retrieved from /mnt/c/Users/HP/Documents/airflow/dags/hello_world.py
[2025-06-18T08:02:04.654+0530] {logging_mixin.py:188} INFO - [2025-06-18T08:02:04.654+0530] {dag.py:3096} INFO - Sync 1 DAGs
[2025-06-18T08:02:04.675+0530] {logging_mixin.py:188} INFO - [2025-06-18T08:02:04.675+0530] {dag.py:3954} INFO - Setting next_dagrun for hello_world to None, run_after=None
[2025-06-18T08:02:04.786+0530] {processor.py:183} INFO - Processing /mnt/c/Users/HP/Documents/airflow/dags/hello_world.py took 0.235 seconds
[2025-06-18T08:02:35.129+0530] {processor.py:161} INFO - Started process (PID=1879) to work on /mnt/c/Users/HP/Documents/airflow/dags/hello_world.py
[2025-06-18T08:02:35.130+0530] {processor.py:830} INFO - Processing file /mnt/c/Users/HP/Documents/airflow/dags/hello_world.py for tasks to queue
[2025-06-18T08:02:35.133+0530] {logging_mixin.py:188} INFO - [2025-06-18T08:02:35.133+0530] {dagbag.py:540} INFO - Filling up the DagBag from /mnt/c/Users/HP/Documents/airflow/dags/hello_world.py
[2025-06-18T08:02:35.167+0530] {processor.py:840} INFO - DAG(s) 'hello_world' retrieved from /mnt/c/Users/HP/Documents/airflow/dags/hello_world.py
[2025-06-18T08:02:35.208+0530] {logging_mixin.py:188} INFO - [2025-06-18T08:02:35.207+0530] {dag.py:3096} INFO - Sync 1 DAGs
[2025-06-18T08:02:35.226+0530] {logging_mixin.py:188} INFO - [2025-06-18T08:02:35.225+0530] {dag.py:3954} INFO - Setting next_dagrun for hello_world to None, run_after=None
[2025-06-18T08:02:35.319+0530] {processor.py:183} INFO - Processing /mnt/c/Users/HP/Documents/airflow/dags/hello_world.py took 0.197 seconds
[2025-06-18T08:03:05.747+0530] {processor.py:161} INFO - Started process (PID=1880) to work on /mnt/c/Users/HP/Documents/airflow/dags/hello_world.py
[2025-06-18T08:03:05.749+0530] {processor.py:830} INFO - Processing file /mnt/c/Users/HP/Documents/airflow/dags/hello_world.py for tasks to queue
[2025-06-18T08:03:05.752+0530] {logging_mixin.py:188} INFO - [2025-06-18T08:03:05.751+0530] {dagbag.py:540} INFO - Filling up the DagBag from /mnt/c/Users/HP/Documents/airflow/dags/hello_world.py
[2025-06-18T08:03:05.803+0530] {processor.py:840} INFO - DAG(s) 'hello_world' retrieved from /mnt/c/Users/HP/Documents/airflow/dags/hello_world.py
[2025-06-18T08:03:05.854+0530] {logging_mixin.py:188} INFO - [2025-06-18T08:03:05.853+0530] {dag.py:3096} INFO - Sync 1 DAGs
[2025-06-18T08:03:05.878+0530] {logging_mixin.py:188} INFO - [2025-06-18T08:03:05.878+0530] {dag.py:3954} INFO - Setting next_dagrun for hello_world to None, run_after=None
[2025-06-18T08:03:05.978+0530] {processor.py:183} INFO - Processing /mnt/c/Users/HP/Documents/airflow/dags/hello_world.py took 0.247 seconds
[2025-06-18T08:03:36.442+0530] {processor.py:161} INFO - Started process (PID=1885) to work on /mnt/c/Users/HP/Documents/airflow/dags/hello_world.py
[2025-06-18T08:03:36.444+0530] {processor.py:830} INFO - Processing file /mnt/c/Users/HP/Documents/airflow/dags/hello_world.py for tasks to queue
[2025-06-18T08:03:36.447+0530] {logging_mixin.py:188} INFO - [2025-06-18T08:03:36.446+0530] {dagbag.py:540} INFO - Filling up the DagBag from /mnt/c/Users/HP/Documents/airflow/dags/hello_world.py
[2025-06-18T08:03:36.480+0530] {processor.py:840} INFO - DAG(s) 'hello_world' retrieved from /mnt/c/Users/HP/Documents/airflow/dags/hello_world.py
[2025-06-18T08:03:36.525+0530] {logging_mixin.py:188} INFO - [2025-06-18T08:03:36.525+0530] {dag.py:3096} INFO - Sync 1 DAGs
[2025-06-18T08:03:36.543+0530] {logging_mixin.py:188} INFO - [2025-06-18T08:03:36.543+0530] {dag.py:3954} INFO - Setting next_dagrun for hello_world to None, run_after=None
[2025-06-18T08:03:36.661+0530] {processor.py:183} INFO - Processing /mnt/c/Users/HP/Documents/airflow/dags/hello_world.py took 0.227 seconds
[2025-06-18T08:04:07.037+0530] {processor.py:161} INFO - Started process (PID=1901) to work on /mnt/c/Users/HP/Documents/airflow/dags/hello_world.py
[2025-06-18T08:04:07.039+0530] {processor.py:830} INFO - Processing file /mnt/c/Users/HP/Documents/airflow/dags/hello_world.py for tasks to queue
[2025-06-18T08:04:07.041+0530] {logging_mixin.py:188} INFO - [2025-06-18T08:04:07.041+0530] {dagbag.py:540} INFO - Filling up the DagBag from /mnt/c/Users/HP/Documents/airflow/dags/hello_world.py
[2025-06-18T08:04:07.072+0530] {processor.py:840} INFO - DAG(s) 'hello_world' retrieved from /mnt/c/Users/HP/Documents/airflow/dags/hello_world.py
[2025-06-18T08:04:07.110+0530] {logging_mixin.py:188} INFO - [2025-06-18T08:04:07.110+0530] {dag.py:3096} INFO - Sync 1 DAGs
[2025-06-18T08:04:07.132+0530] {logging_mixin.py:188} INFO - [2025-06-18T08:04:07.131+0530] {dag.py:3954} INFO - Setting next_dagrun for hello_world to None, run_after=None
[2025-06-18T08:04:07.227+0530] {processor.py:183} INFO - Processing /mnt/c/Users/HP/Documents/airflow/dags/hello_world.py took 0.198 seconds
[2025-06-18T08:04:37.370+0530] {processor.py:161} INFO - Started process (PID=1905) to work on /mnt/c/Users/HP/Documents/airflow/dags/hello_world.py
[2025-06-18T08:04:37.372+0530] {processor.py:830} INFO - Processing file /mnt/c/Users/HP/Documents/airflow/dags/hello_world.py for tasks to queue
[2025-06-18T08:04:37.375+0530] {logging_mixin.py:188} INFO - [2025-06-18T08:04:37.374+0530] {dagbag.py:540} INFO - Filling up the DagBag from /mnt/c/Users/HP/Documents/airflow/dags/hello_world.py
[2025-06-18T08:04:37.403+0530] {processor.py:840} INFO - DAG(s) 'hello_world' retrieved from /mnt/c/Users/HP/Documents/airflow/dags/hello_world.py
[2025-06-18T08:04:37.439+0530] {logging_mixin.py:188} INFO - [2025-06-18T08:04:37.439+0530] {dag.py:3096} INFO - Sync 1 DAGs
[2025-06-18T08:04:37.460+0530] {logging_mixin.py:188} INFO - [2025-06-18T08:04:37.460+0530] {dag.py:3954} INFO - Setting next_dagrun for hello_world to None, run_after=None
[2025-06-18T08:04:37.556+0530] {processor.py:183} INFO - Processing /mnt/c/Users/HP/Documents/airflow/dags/hello_world.py took 0.193 seconds
[2025-06-18T08:05:07.995+0530] {processor.py:161} INFO - Started process (PID=1906) to work on /mnt/c/Users/HP/Documents/airflow/dags/hello_world.py
[2025-06-18T08:05:07.997+0530] {processor.py:830} INFO - Processing file /mnt/c/Users/HP/Documents/airflow/dags/hello_world.py for tasks to queue
[2025-06-18T08:05:08.000+0530] {logging_mixin.py:188} INFO - [2025-06-18T08:05:07.999+0530] {dagbag.py:540} INFO - Filling up the DagBag from /mnt/c/Users/HP/Documents/airflow/dags/hello_world.py
[2025-06-18T08:05:08.026+0530] {processor.py:840} INFO - DAG(s) 'hello_world' retrieved from /mnt/c/Users/HP/Documents/airflow/dags/hello_world.py
[2025-06-18T08:05:08.062+0530] {logging_mixin.py:188} INFO - [2025-06-18T08:05:08.062+0530] {dag.py:3096} INFO - Sync 1 DAGs
[2025-06-18T08:05:08.083+0530] {logging_mixin.py:188} INFO - [2025-06-18T08:05:08.083+0530] {dag.py:3954} INFO - Setting next_dagrun for hello_world to None, run_after=None
[2025-06-18T08:05:08.163+0530] {processor.py:183} INFO - Processing /mnt/c/Users/HP/Documents/airflow/dags/hello_world.py took 0.174 seconds
[2025-06-18T08:05:38.505+0530] {processor.py:161} INFO - Started process (PID=1920) to work on /mnt/c/Users/HP/Documents/airflow/dags/hello_world.py
[2025-06-18T08:05:38.506+0530] {processor.py:830} INFO - Processing file /mnt/c/Users/HP/Documents/airflow/dags/hello_world.py for tasks to queue
[2025-06-18T08:05:38.508+0530] {logging_mixin.py:188} INFO - [2025-06-18T08:05:38.508+0530] {dagbag.py:540} INFO - Filling up the DagBag from /mnt/c/Users/HP/Documents/airflow/dags/hello_world.py
[2025-06-18T08:05:38.540+0530] {processor.py:840} INFO - DAG(s) 'hello_world' retrieved from /mnt/c/Users/HP/Documents/airflow/dags/hello_world.py
[2025-06-18T08:05:38.581+0530] {logging_mixin.py:188} INFO - [2025-06-18T08:05:38.580+0530] {dag.py:3096} INFO - Sync 1 DAGs
[2025-06-18T08:05:38.601+0530] {logging_mixin.py:188} INFO - [2025-06-18T08:05:38.601+0530] {dag.py:3954} INFO - Setting next_dagrun for hello_world to None, run_after=None
[2025-06-18T08:05:38.710+0530] {processor.py:183} INFO - Processing /mnt/c/Users/HP/Documents/airflow/dags/hello_world.py took 0.214 seconds
[2025-06-18T08:06:09.132+0530] {processor.py:161} INFO - Started process (PID=1927) to work on /mnt/c/Users/HP/Documents/airflow/dags/hello_world.py
[2025-06-18T08:06:09.135+0530] {processor.py:830} INFO - Processing file /mnt/c/Users/HP/Documents/airflow/dags/hello_world.py for tasks to queue
[2025-06-18T08:06:09.139+0530] {logging_mixin.py:188} INFO - [2025-06-18T08:06:09.138+0530] {dagbag.py:540} INFO - Filling up the DagBag from /mnt/c/Users/HP/Documents/airflow/dags/hello_world.py
[2025-06-18T08:06:09.182+0530] {processor.py:840} INFO - DAG(s) 'hello_world' retrieved from /mnt/c/Users/HP/Documents/airflow/dags/hello_world.py
[2025-06-18T08:06:09.247+0530] {logging_mixin.py:188} INFO - [2025-06-18T08:06:09.246+0530] {dag.py:3096} INFO - Sync 1 DAGs
[2025-06-18T08:06:09.278+0530] {logging_mixin.py:188} INFO - [2025-06-18T08:06:09.277+0530] {dag.py:3954} INFO - Setting next_dagrun for hello_world to None, run_after=None
[2025-06-18T08:06:09.364+0530] {processor.py:183} INFO - Processing /mnt/c/Users/HP/Documents/airflow/dags/hello_world.py took 0.243 seconds
[2025-06-18T08:06:39.547+0530] {processor.py:161} INFO - Started process (PID=1928) to work on /mnt/c/Users/HP/Documents/airflow/dags/hello_world.py
[2025-06-18T08:06:39.549+0530] {processor.py:830} INFO - Processing file /mnt/c/Users/HP/Documents/airflow/dags/hello_world.py for tasks to queue
[2025-06-18T08:06:39.551+0530] {logging_mixin.py:188} INFO - [2025-06-18T08:06:39.551+0530] {dagbag.py:540} INFO - Filling up the DagBag from /mnt/c/Users/HP/Documents/airflow/dags/hello_world.py
[2025-06-18T08:06:39.583+0530] {processor.py:840} INFO - DAG(s) 'hello_world' retrieved from /mnt/c/Users/HP/Documents/airflow/dags/hello_world.py
[2025-06-18T08:06:39.625+0530] {logging_mixin.py:188} INFO - [2025-06-18T08:06:39.624+0530] {dag.py:3096} INFO - Sync 1 DAGs
[2025-06-18T08:06:39.645+0530] {logging_mixin.py:188} INFO - [2025-06-18T08:06:39.644+0530] {dag.py:3954} INFO - Setting next_dagrun for hello_world to None, run_after=None
[2025-06-18T08:06:39.741+0530] {processor.py:183} INFO - Processing /mnt/c/Users/HP/Documents/airflow/dags/hello_world.py took 0.202 seconds
[2025-06-18T08:07:10.152+0530] {processor.py:161} INFO - Started process (PID=1929) to work on /mnt/c/Users/HP/Documents/airflow/dags/hello_world.py
[2025-06-18T08:07:10.154+0530] {processor.py:830} INFO - Processing file /mnt/c/Users/HP/Documents/airflow/dags/hello_world.py for tasks to queue
[2025-06-18T08:07:10.157+0530] {logging_mixin.py:188} INFO - [2025-06-18T08:07:10.156+0530] {dagbag.py:540} INFO - Filling up the DagBag from /mnt/c/Users/HP/Documents/airflow/dags/hello_world.py
[2025-06-18T08:07:10.185+0530] {processor.py:840} INFO - DAG(s) 'hello_world' retrieved from /mnt/c/Users/HP/Documents/airflow/dags/hello_world.py
[2025-06-18T08:07:10.220+0530] {logging_mixin.py:188} INFO - [2025-06-18T08:07:10.220+0530] {dag.py:3096} INFO - Sync 1 DAGs
[2025-06-18T08:07:10.237+0530] {logging_mixin.py:188} INFO - [2025-06-18T08:07:10.236+0530] {dag.py:3954} INFO - Setting next_dagrun for hello_world to None, run_after=None
[2025-06-18T08:07:10.333+0530] {processor.py:183} INFO - Processing /mnt/c/Users/HP/Documents/airflow/dags/hello_world.py took 0.188 seconds
[2025-06-18T08:07:40.717+0530] {processor.py:161} INFO - Started process (PID=1934) to work on /mnt/c/Users/HP/Documents/airflow/dags/hello_world.py
[2025-06-18T08:07:40.719+0530] {processor.py:830} INFO - Processing file /mnt/c/Users/HP/Documents/airflow/dags/hello_world.py for tasks to queue
[2025-06-18T08:07:40.724+0530] {logging_mixin.py:188} INFO - [2025-06-18T08:07:40.722+0530] {dagbag.py:540} INFO - Filling up the DagBag from /mnt/c/Users/HP/Documents/airflow/dags/hello_world.py
[2025-06-18T08:07:40.758+0530] {processor.py:840} INFO - DAG(s) 'hello_world' retrieved from /mnt/c/Users/HP/Documents/airflow/dags/hello_world.py
[2025-06-18T08:07:40.797+0530] {logging_mixin.py:188} INFO - [2025-06-18T08:07:40.797+0530] {dag.py:3096} INFO - Sync 1 DAGs
[2025-06-18T08:07:40.822+0530] {logging_mixin.py:188} INFO - [2025-06-18T08:07:40.822+0530] {dag.py:3954} INFO - Setting next_dagrun for hello_world to None, run_after=None
[2025-06-18T08:07:40.917+0530] {processor.py:183} INFO - Processing /mnt/c/Users/HP/Documents/airflow/dags/hello_world.py took 0.208 seconds
[2025-06-18T08:08:11.303+0530] {processor.py:161} INFO - Started process (PID=1942) to work on /mnt/c/Users/HP/Documents/airflow/dags/hello_world.py
[2025-06-18T08:08:11.305+0530] {processor.py:830} INFO - Processing file /mnt/c/Users/HP/Documents/airflow/dags/hello_world.py for tasks to queue
[2025-06-18T08:08:11.307+0530] {logging_mixin.py:188} INFO - [2025-06-18T08:08:11.306+0530] {dagbag.py:540} INFO - Filling up the DagBag from /mnt/c/Users/HP/Documents/airflow/dags/hello_world.py
[2025-06-18T08:08:11.337+0530] {processor.py:840} INFO - DAG(s) 'hello_world' retrieved from /mnt/c/Users/HP/Documents/airflow/dags/hello_world.py
[2025-06-18T08:08:11.378+0530] {logging_mixin.py:188} INFO - [2025-06-18T08:08:11.378+0530] {dag.py:3096} INFO - Sync 1 DAGs
[2025-06-18T08:08:11.400+0530] {logging_mixin.py:188} INFO - [2025-06-18T08:08:11.400+0530] {dag.py:3954} INFO - Setting next_dagrun for hello_world to None, run_after=None
[2025-06-18T08:08:11.494+0530] {processor.py:183} INFO - Processing /mnt/c/Users/HP/Documents/airflow/dags/hello_world.py took 0.196 seconds
[2025-06-18T08:08:41.819+0530] {processor.py:161} INFO - Started process (PID=1953) to work on /mnt/c/Users/HP/Documents/airflow/dags/hello_world.py
[2025-06-18T08:08:41.820+0530] {processor.py:830} INFO - Processing file /mnt/c/Users/HP/Documents/airflow/dags/hello_world.py for tasks to queue
[2025-06-18T08:08:41.824+0530] {logging_mixin.py:188} INFO - [2025-06-18T08:08:41.824+0530] {dagbag.py:540} INFO - Filling up the DagBag from /mnt/c/Users/HP/Documents/airflow/dags/hello_world.py
[2025-06-18T08:08:41.859+0530] {processor.py:840} INFO - DAG(s) 'hello_world' retrieved from /mnt/c/Users/HP/Documents/airflow/dags/hello_world.py
[2025-06-18T08:08:41.903+0530] {logging_mixin.py:188} INFO - [2025-06-18T08:08:41.903+0530] {dag.py:3096} INFO - Sync 1 DAGs
[2025-06-18T08:08:41.927+0530] {logging_mixin.py:188} INFO - [2025-06-18T08:08:41.926+0530] {dag.py:3954} INFO - Setting next_dagrun for hello_world to None, run_after=None
[2025-06-18T08:08:42.029+0530] {processor.py:183} INFO - Processing /mnt/c/Users/HP/Documents/airflow/dags/hello_world.py took 0.217 seconds
[2025-06-18T08:09:12.420+0530] {processor.py:161} INFO - Started process (PID=1959) to work on /mnt/c/Users/HP/Documents/airflow/dags/hello_world.py
[2025-06-18T08:09:12.422+0530] {processor.py:830} INFO - Processing file /mnt/c/Users/HP/Documents/airflow/dags/hello_world.py for tasks to queue
[2025-06-18T08:09:12.424+0530] {logging_mixin.py:188} INFO - [2025-06-18T08:09:12.424+0530] {dagbag.py:540} INFO - Filling up the DagBag from /mnt/c/Users/HP/Documents/airflow/dags/hello_world.py
[2025-06-18T08:09:12.463+0530] {processor.py:840} INFO - DAG(s) 'hello_world' retrieved from /mnt/c/Users/HP/Documents/airflow/dags/hello_world.py
[2025-06-18T08:09:12.504+0530] {logging_mixin.py:188} INFO - [2025-06-18T08:09:12.504+0530] {dag.py:3096} INFO - Sync 1 DAGs
[2025-06-18T08:09:12.528+0530] {logging_mixin.py:188} INFO - [2025-06-18T08:09:12.527+0530] {dag.py:3954} INFO - Setting next_dagrun for hello_world to None, run_after=None
[2025-06-18T08:09:12.649+0530] {processor.py:183} INFO - Processing /mnt/c/Users/HP/Documents/airflow/dags/hello_world.py took 0.237 seconds
[2025-06-18T08:09:42.918+0530] {processor.py:161} INFO - Started process (PID=1968) to work on /mnt/c/Users/HP/Documents/airflow/dags/hello_world.py
[2025-06-18T08:09:42.920+0530] {processor.py:830} INFO - Processing file /mnt/c/Users/HP/Documents/airflow/dags/hello_world.py for tasks to queue
[2025-06-18T08:09:42.922+0530] {logging_mixin.py:188} INFO - [2025-06-18T08:09:42.922+0530] {dagbag.py:540} INFO - Filling up the DagBag from /mnt/c/Users/HP/Documents/airflow/dags/hello_world.py
[2025-06-18T08:09:42.958+0530] {processor.py:840} INFO - DAG(s) 'hello_world' retrieved from /mnt/c/Users/HP/Documents/airflow/dags/hello_world.py
[2025-06-18T08:09:42.996+0530] {logging_mixin.py:188} INFO - [2025-06-18T08:09:42.996+0530] {dag.py:3096} INFO - Sync 1 DAGs
[2025-06-18T08:09:43.013+0530] {logging_mixin.py:188} INFO - [2025-06-18T08:09:43.013+0530] {dag.py:3954} INFO - Setting next_dagrun for hello_world to None, run_after=None
[2025-06-18T08:09:43.114+0530] {processor.py:183} INFO - Processing /mnt/c/Users/HP/Documents/airflow/dags/hello_world.py took 0.202 seconds
[2025-06-18T08:10:14.775+0530] {processor.py:161} INFO - Started process (PID=1984) to work on /mnt/c/Users/HP/Documents/airflow/dags/hello_world.py
[2025-06-18T08:10:14.777+0530] {processor.py:830} INFO - Processing file /mnt/c/Users/HP/Documents/airflow/dags/hello_world.py for tasks to queue
[2025-06-18T08:10:14.779+0530] {logging_mixin.py:188} INFO - [2025-06-18T08:10:14.778+0530] {dagbag.py:540} INFO - Filling up the DagBag from /mnt/c/Users/HP/Documents/airflow/dags/hello_world.py
[2025-06-18T08:10:14.809+0530] {processor.py:840} INFO - DAG(s) 'hello_world' retrieved from /mnt/c/Users/HP/Documents/airflow/dags/hello_world.py
[2025-06-18T08:10:14.844+0530] {logging_mixin.py:188} INFO - [2025-06-18T08:10:14.844+0530] {dag.py:3096} INFO - Sync 1 DAGs
[2025-06-18T08:10:14.861+0530] {logging_mixin.py:188} INFO - [2025-06-18T08:10:14.860+0530] {dag.py:3954} INFO - Setting next_dagrun for hello_world to None, run_after=None
[2025-06-18T08:10:14.946+0530] {processor.py:183} INFO - Processing /mnt/c/Users/HP/Documents/airflow/dags/hello_world.py took 0.179 seconds
[2025-06-18T08:10:45.109+0530] {processor.py:161} INFO - Started process (PID=1991) to work on /mnt/c/Users/HP/Documents/airflow/dags/hello_world.py
[2025-06-18T08:10:45.111+0530] {processor.py:830} INFO - Processing file /mnt/c/Users/HP/Documents/airflow/dags/hello_world.py for tasks to queue
[2025-06-18T08:10:45.113+0530] {logging_mixin.py:188} INFO - [2025-06-18T08:10:45.113+0530] {dagbag.py:540} INFO - Filling up the DagBag from /mnt/c/Users/HP/Documents/airflow/dags/hello_world.py
[2025-06-18T08:10:45.141+0530] {processor.py:840} INFO - DAG(s) 'hello_world' retrieved from /mnt/c/Users/HP/Documents/airflow/dags/hello_world.py
[2025-06-18T08:10:45.175+0530] {logging_mixin.py:188} INFO - [2025-06-18T08:10:45.174+0530] {dag.py:3096} INFO - Sync 1 DAGs
[2025-06-18T08:10:45.195+0530] {logging_mixin.py:188} INFO - [2025-06-18T08:10:45.195+0530] {dag.py:3954} INFO - Setting next_dagrun for hello_world to None, run_after=None
[2025-06-18T08:10:45.280+0530] {processor.py:183} INFO - Processing /mnt/c/Users/HP/Documents/airflow/dags/hello_world.py took 0.179 seconds
[2025-06-18T08:11:15.596+0530] {processor.py:161} INFO - Started process (PID=1993) to work on /mnt/c/Users/HP/Documents/airflow/dags/hello_world.py
[2025-06-18T08:11:15.598+0530] {processor.py:830} INFO - Processing file /mnt/c/Users/HP/Documents/airflow/dags/hello_world.py for tasks to queue
[2025-06-18T08:11:15.600+0530] {logging_mixin.py:188} INFO - [2025-06-18T08:11:15.599+0530] {dagbag.py:540} INFO - Filling up the DagBag from /mnt/c/Users/HP/Documents/airflow/dags/hello_world.py
[2025-06-18T08:11:15.629+0530] {processor.py:840} INFO - DAG(s) 'hello_world' retrieved from /mnt/c/Users/HP/Documents/airflow/dags/hello_world.py
[2025-06-18T08:11:15.663+0530] {logging_mixin.py:188} INFO - [2025-06-18T08:11:15.663+0530] {dag.py:3096} INFO - Sync 1 DAGs
[2025-06-18T08:11:15.679+0530] {logging_mixin.py:188} INFO - [2025-06-18T08:11:15.679+0530] {dag.py:3954} INFO - Setting next_dagrun for hello_world to None, run_after=None
[2025-06-18T08:11:15.766+0530] {processor.py:183} INFO - Processing /mnt/c/Users/HP/Documents/airflow/dags/hello_world.py took 0.178 seconds
[2025-06-18T08:11:46.530+0530] {processor.py:161} INFO - Started process (PID=1995) to work on /mnt/c/Users/HP/Documents/airflow/dags/hello_world.py
[2025-06-18T08:11:46.531+0530] {processor.py:830} INFO - Processing file /mnt/c/Users/HP/Documents/airflow/dags/hello_world.py for tasks to queue
[2025-06-18T08:11:46.534+0530] {logging_mixin.py:188} INFO - [2025-06-18T08:11:46.533+0530] {dagbag.py:540} INFO - Filling up the DagBag from /mnt/c/Users/HP/Documents/airflow/dags/hello_world.py
[2025-06-18T08:11:46.565+0530] {processor.py:840} INFO - DAG(s) 'hello_world' retrieved from /mnt/c/Users/HP/Documents/airflow/dags/hello_world.py
[2025-06-18T08:11:46.604+0530] {logging_mixin.py:188} INFO - [2025-06-18T08:11:46.603+0530] {dag.py:3096} INFO - Sync 1 DAGs
[2025-06-18T08:11:46.626+0530] {logging_mixin.py:188} INFO - [2025-06-18T08:11:46.626+0530] {dag.py:3954} INFO - Setting next_dagrun for hello_world to None, run_after=None
[2025-06-18T08:11:46.728+0530] {processor.py:183} INFO - Processing /mnt/c/Users/HP/Documents/airflow/dags/hello_world.py took 0.206 seconds
[2025-06-18T08:12:16.862+0530] {processor.py:161} INFO - Started process (PID=1997) to work on /mnt/c/Users/HP/Documents/airflow/dags/hello_world.py
[2025-06-18T08:12:16.864+0530] {processor.py:830} INFO - Processing file /mnt/c/Users/HP/Documents/airflow/dags/hello_world.py for tasks to queue
[2025-06-18T08:12:16.866+0530] {logging_mixin.py:188} INFO - [2025-06-18T08:12:16.866+0530] {dagbag.py:540} INFO - Filling up the DagBag from /mnt/c/Users/HP/Documents/airflow/dags/hello_world.py
[2025-06-18T08:12:16.896+0530] {processor.py:840} INFO - DAG(s) 'hello_world' retrieved from /mnt/c/Users/HP/Documents/airflow/dags/hello_world.py
[2025-06-18T08:12:16.929+0530] {logging_mixin.py:188} INFO - [2025-06-18T08:12:16.929+0530] {dag.py:3096} INFO - Sync 1 DAGs
[2025-06-18T08:12:16.948+0530] {logging_mixin.py:188} INFO - [2025-06-18T08:12:16.948+0530] {dag.py:3954} INFO - Setting next_dagrun for hello_world to None, run_after=None
[2025-06-18T08:12:17.039+0530] {processor.py:183} INFO - Processing /mnt/c/Users/HP/Documents/airflow/dags/hello_world.py took 0.183 seconds
