[2025-06-18T09:12:08.007+0530] {local_task_job_runner.py:120} INFO - ::group::Pre task execution logs
[2025-06-18T09:12:08.057+0530] {taskinstance.py:2073} INFO - Dependencies all met for dep_context=non-requeueable deps ti=<TaskInstance: execute_tasks_upstream_downstream.task_D scheduled__2025-06-17T00:00:00+00:00 [queued]>
[2025-06-18T09:12:08.078+0530] {taskinstance.py:2073} INFO - Dependencies all met for dep_context=requeueable deps ti=<TaskInstance: execute_tasks_upstream_downstream.task_D scheduled__2025-06-17T00:00:00+00:00 [queued]>
[2025-06-18T09:12:08.079+0530] {taskinstance.py:2303} INFO - Starting attempt 1 of 1
[2025-06-18T09:12:08.132+0530] {taskinstance.py:2327} INFO - Executing <Task(BashOperator): task_D> on 2025-06-17 00:00:00+00:00
[2025-06-18T09:12:08.139+0530] {standard_task_runner.py:63} INFO - Started process 2365 to run task
[2025-06-18T09:12:08.145+0530] {standard_task_runner.py:90} INFO - Running: ['airflow', 'tasks', 'run', 'execute_tasks_upstream_downstream', 'task_D', 'scheduled__2025-06-17T00:00:00+00:00', '--job-id', '17', '--raw', '--subdir', 'DAGS_FOLDER/execute_multiple_tasks_upstream_downstream.py', '--cfg-path', '/tmp/tmpjrcto3n3']
[2025-06-18T09:12:08.148+0530] {standard_task_runner.py:91} INFO - Job 17: Subtask task_D
[2025-06-18T09:12:08.299+0530] {task_command.py:426} INFO - Running <TaskInstance: execute_tasks_upstream_downstream.task_D scheduled__2025-06-17T00:00:00+00:00 [running]> on host LAPTOP-IPDFG60J.
[2025-06-18T09:12:08.492+0530] {taskinstance.py:2644} INFO - Exporting env vars: AIRFLOW_CTX_DAG_OWNER='pratima' AIRFLOW_CTX_DAG_ID='execute_tasks_upstream_downstream' AIRFLOW_CTX_TASK_ID='task_D' AIRFLOW_CTX_EXECUTION_DATE='2025-06-17T00:00:00+00:00' AIRFLOW_CTX_TRY_NUMBER='1' AIRFLOW_CTX_DAG_RUN_ID='scheduled__2025-06-17T00:00:00+00:00'
[2025-06-18T09:12:08.493+0530] {taskinstance.py:430} INFO - ::endgroup::
[2025-06-18T09:12:08.510+0530] {subprocess.py:63} INFO - Tmp dir root location: /tmp
[2025-06-18T09:12:08.512+0530] {subprocess.py:75} INFO - Running command: ['/usr/bin/bash', '-c', 'echo Executing Task D']
[2025-06-18T09:12:08.527+0530] {subprocess.py:86} INFO - Output:
[2025-06-18T09:12:08.528+0530] {subprocess.py:93} INFO - Executing Task D
[2025-06-18T09:12:08.529+0530] {subprocess.py:97} INFO - Command exited with return code 0
[2025-06-18T09:12:08.530+0530] {taskinstance.py:441} INFO - ::group::Post task execution logs
[2025-06-18T09:12:08.592+0530] {taskinstance.py:1205} INFO - Marking task as SUCCESS. dag_id=execute_tasks_upstream_downstream, task_id=task_D, execution_date=20250617T000000, start_date=20250618T034208, end_date=20250618T034208
[2025-06-18T09:12:08.680+0530] {local_task_job_runner.py:240} INFO - Task exited with return code 0
[2025-06-18T09:12:08.725+0530] {taskinstance.py:3482} INFO - 1 downstream tasks scheduled from follow-on schedule check
[2025-06-18T09:12:08.743+0530] {local_task_job_runner.py:222} INFO - ::endgroup::
