[2025-06-18T07:45:28.639+0530] {local_task_job_runner.py:120} INFO - ::group::Pre task execution logs
[2025-06-18T07:45:28.704+0530] {taskinstance.py:2073} INFO - Dependencies all met for dep_context=non-requeueable deps ti=<TaskInstance: hello_world.hello_world_task manual__2025-06-17T15:52:35.084590+00:00 [queued]>
[2025-06-18T07:45:28.730+0530] {taskinstance.py:2073} INFO - Dependencies all met for dep_context=requeueable deps ti=<TaskInstance: hello_world.hello_world_task manual__2025-06-17T15:52:35.084590+00:00 [queued]>
[2025-06-18T07:45:28.733+0530] {taskinstance.py:2303} INFO - Starting attempt 3 of 3
[2025-06-18T07:45:28.795+0530] {taskinstance.py:2327} INFO - Executing <Task(BashOperator): hello_world_task> on 2025-06-17 15:52:35.084590+00:00
[2025-06-18T07:45:28.805+0530] {standard_task_runner.py:63} INFO - Started process 1780 to run task
[2025-06-18T07:45:28.813+0530] {standard_task_runner.py:90} INFO - Running: ['airflow', 'tasks', 'run', 'hello_world', 'hello_world_task', 'manual__2025-06-17T15:52:35.084590+00:00', '--job-id', '12', '--raw', '--subdir', 'DAGS_FOLDER/hello_world.py', '--cfg-path', '/tmp/tmpdxdimzr1']
[2025-06-18T07:45:28.816+0530] {standard_task_runner.py:91} INFO - Job 12: Subtask hello_world_task
[2025-06-18T07:45:28.994+0530] {task_command.py:426} INFO - Running <TaskInstance: hello_world.hello_world_task manual__2025-06-17T15:52:35.084590+00:00 [running]> on host LAPTOP-IPDFG60J.
[2025-06-18T07:45:29.222+0530] {taskinstance.py:2644} INFO - Exporting env vars: AIRFLOW_CTX_DAG_OWNER='pratima' AIRFLOW_CTX_DAG_ID='hello_world' AIRFLOW_CTX_TASK_ID='hello_world_task' AIRFLOW_CTX_EXECUTION_DATE='2025-06-17T15:52:35.084590+00:00' AIRFLOW_CTX_TRY_NUMBER='3' AIRFLOW_CTX_DAG_RUN_ID='manual__2025-06-17T15:52:35.084590+00:00'
[2025-06-18T07:45:29.224+0530] {taskinstance.py:430} INFO - ::endgroup::
[2025-06-18T07:45:29.270+0530] {subprocess.py:63} INFO - Tmp dir root location: /tmp
[2025-06-18T07:45:29.282+0530] {subprocess.py:75} INFO - Running command: ['/usr/bin/bash', '-c', 'echo Hello, World!!!']
[2025-06-18T07:45:29.305+0530] {subprocess.py:86} INFO - Output:
[2025-06-18T07:45:29.314+0530] {subprocess.py:93} INFO - Hello, World!!!
[2025-06-18T07:45:29.316+0530] {subprocess.py:97} INFO - Command exited with return code 0
[2025-06-18T07:45:29.318+0530] {taskinstance.py:441} INFO - ::group::Post task execution logs
[2025-06-18T07:45:29.396+0530] {taskinstance.py:1205} INFO - Marking task as SUCCESS. dag_id=hello_world, task_id=hello_world_task, execution_date=20250617T155235, start_date=20250618T021528, end_date=20250618T021529
[2025-06-18T07:45:29.468+0530] {local_task_job_runner.py:240} INFO - Task exited with return code 0
[2025-06-18T07:45:29.497+0530] {taskinstance.py:3482} INFO - 0 downstream tasks scheduled from follow-on schedule check
[2025-06-18T07:45:29.502+0530] {local_task_job_runner.py:222} INFO - ::endgroup::
