[2025-06-17T21:22:40.011+0530] {local_task_job_runner.py:120} INFO - ::group::Pre task execution logs
[2025-06-17T21:22:40.070+0530] {taskinstance.py:2073} INFO - Dependencies all met for dep_context=non-requeueable deps ti=<TaskInstance: hello_world.hello_world_task manual__2025-06-17T15:52:35.084590+00:00 [queued]>
[2025-06-17T21:22:40.094+0530] {taskinstance.py:2073} INFO - Dependencies all met for dep_context=requeueable deps ti=<TaskInstance: hello_world.hello_world_task manual__2025-06-17T15:52:35.084590+00:00 [queued]>
[2025-06-17T21:22:40.095+0530] {taskinstance.py:2303} INFO - Starting attempt 1 of 1
[2025-06-17T21:22:40.167+0530] {taskinstance.py:2327} INFO - Executing <Task(BashOperator): hello_world_task> on 2025-06-17 15:52:35.084590+00:00
[2025-06-17T21:22:40.172+0530] {standard_task_runner.py:63} INFO - Started process 1388 to run task
[2025-06-17T21:22:40.181+0530] {standard_task_runner.py:90} INFO - Running: ['airflow', 'tasks', 'run', 'hello_world', 'hello_world_task', 'manual__2025-06-17T15:52:35.084590+00:00', '--job-id', '10', '--raw', '--subdir', 'DAGS_FOLDER/hello_world.py', '--cfg-path', '/tmp/tmp3_8cjd47']
[2025-06-17T21:22:40.185+0530] {standard_task_runner.py:91} INFO - Job 10: Subtask hello_world_task
[2025-06-17T21:22:40.343+0530] {task_command.py:426} INFO - Running <TaskInstance: hello_world.hello_world_task manual__2025-06-17T15:52:35.084590+00:00 [running]> on host LAPTOP-IPDFG60J.
[2025-06-17T21:22:40.562+0530] {taskinstance.py:2644} INFO - Exporting env vars: AIRFLOW_CTX_DAG_OWNER='pratima' AIRFLOW_CTX_DAG_ID='hello_world' AIRFLOW_CTX_TASK_ID='hello_world_task' AIRFLOW_CTX_EXECUTION_DATE='2025-06-17T15:52:35.084590+00:00' AIRFLOW_CTX_TRY_NUMBER='1' AIRFLOW_CTX_DAG_RUN_ID='manual__2025-06-17T15:52:35.084590+00:00'
[2025-06-17T21:22:40.565+0530] {taskinstance.py:430} INFO - ::endgroup::
[2025-06-17T21:22:40.605+0530] {subprocess.py:63} INFO - Tmp dir root location: /tmp
[2025-06-17T21:22:40.608+0530] {subprocess.py:75} INFO - Running command: ['/usr/bin/bash', '-c', 'echo Hello, World!!!']
[2025-06-17T21:22:40.634+0530] {subprocess.py:86} INFO - Output:
[2025-06-17T21:22:40.640+0530] {subprocess.py:93} INFO - Hello, World!!!
[2025-06-17T21:22:40.641+0530] {subprocess.py:97} INFO - Command exited with return code 0
[2025-06-17T21:22:40.643+0530] {taskinstance.py:441} INFO - ::group::Post task execution logs
[2025-06-17T21:22:40.727+0530] {taskinstance.py:1205} INFO - Marking task as SUCCESS. dag_id=hello_world, task_id=hello_world_task, execution_date=20250617T155235, start_date=20250617T155240, end_date=20250617T155240
[2025-06-17T21:22:40.834+0530] {local_task_job_runner.py:240} INFO - Task exited with return code 0
[2025-06-17T21:22:40.874+0530] {taskinstance.py:3482} INFO - 0 downstream tasks scheduled from follow-on schedule check
[2025-06-17T21:22:40.878+0530] {local_task_job_runner.py:222} INFO - ::endgroup::
